2017-12-02 19:28:23,194 INFO  [main] stencyl.sw.Session: Logfile: C:\sundae_factory\ld40\stencylworks\logs\2017-12-02_19-28-23.log
2017-12-02 19:28:23,202 INFO  [main] stencyl.sw.Session: OS Name: Windows 10
2017-12-02 19:28:23,202 INFO  [main] stencyl.sw.Session: OS Version: 10.0 (64-bit)
2017-12-02 19:28:23,202 INFO  [main] stencyl.sw.Session: Java Version: 1.8.0_60
2017-12-02 19:28:23,202 INFO  [main] stencyl.sw.Session: Java Home Environment Variable (JAVA_HOME): not set
2017-12-02 19:28:23,202 INFO  [main] stencyl.sw.Session: Stencyl Version: 3.4.0.beta4 (b9300)
2017-12-02 19:28:23,206 INFO  [main] stencyl.sw.Session: Stencyl Workspace: C:\sundae_factory\ld40\
2017-12-02 19:28:23,206 INFO  [main] stencyl.sw.Session: User Working Directory: C:\Program Files (x86)\Stencyl
2017-12-02 19:28:23,206 INFO  [main] stencyl.sw.Session: User Home Directory: C:\Users\Ludovic
2017-12-02 19:28:23,206 INFO  [main] stencyl.sw.Session: System Path: C:\ProgramData\Oracle\Java\javapath;C:\WINDOWS\system32;C:\WINDOWS;C:\WINDOWS\System32\Wbem;C:\WINDOWS\System32\WindowsPowerShell\v1.0\;C:\Program Files\TortoiseSVN\bin;C:\Program Files\TortoiseGit\bin;C:\Program Files (x86)\GtkSharp\2.12\bin;C:\Program Files (x86)\Windows Kits\8.1\Windows Performance Toolkit\;C:\Program Files (x86)\Skype\Phone\;C:\Users\Ludovic\AppData\Local\Microsoft\WindowsApps;C:\Program Files (x86)\Stencyl\runtimes\jre-win\bin
2017-12-02 19:28:23,306 DEBUG [main] stencyl.sw.util.FileHelper: Deleting: C:\Users\Ludovic\AppData\Local\Temp\stencyl7079934133593333674
2017-12-02 19:28:23,310 DEBUG [main] stencyl.sw.loc.LanguagePack: Reading... lang\en\global-phrases.lang
2017-12-02 19:28:23,314 DEBUG [main] stencyl.sw.loc.LanguagePack: Reading... lang\en\global-errors.lang
2017-12-02 19:28:23,314 DEBUG [main] stencyl.sw.loc.LanguagePack: Reading... lang\en\global-menu.lang
2017-12-02 19:28:23,314 DEBUG [main] stencyl.sw.loc.LanguagePack: Reading... lang\en\global-welcome.lang
2017-12-02 19:28:23,318 DEBUG [main] stencyl.sw.loc.LanguagePack: Reading... lang\en\global-dashboard.lang
2017-12-02 19:28:23,318 DEBUG [main] stencyl.sw.loc.LanguagePack: Reading... lang\en\global-publish.lang
2017-12-02 19:28:23,322 DEBUG [main] stencyl.sw.loc.LanguagePack: Reading... lang\en\global-updater.lang
2017-12-02 19:28:23,322 DEBUG [main] stencyl.sw.loc.LanguagePack: Reading... lang\en\global-chat.lang
2017-12-02 19:28:23,322 DEBUG [main] stencyl.sw.loc.LanguagePack: Reading... lang\en\global-misc.lang
2017-12-02 19:28:23,322 DEBUG [main] stencyl.sw.loc.LanguagePack: Reading... lang\en\global-forge.lang
2017-12-02 19:28:23,326 DEBUG [main] stencyl.sw.loc.LanguagePack: Reading... lang\en\global-prefs.lang
2017-12-02 19:28:23,326 DEBUG [main] stencyl.sw.loc.LanguagePack: Reading... lang\en\global-creategame.lang
2017-12-02 19:28:23,326 DEBUG [main] stencyl.sw.loc.LanguagePack: Reading... lang\en\behavior-main.lang
2017-12-02 19:28:23,326 DEBUG [main] stencyl.sw.loc.LanguagePack: Reading... lang\en\behavior-blocks.lang
2017-12-02 19:28:23,346 DEBUG [main] stencyl.sw.loc.LanguagePack: Reading... lang\en\behavior-blockhelp.lang
2017-12-02 19:28:23,350 DEBUG [main] stencyl.sw.loc.LanguagePack: Reading... lang\en\behavior-events.lang
2017-12-02 19:28:23,350 DEBUG [main] stencyl.sw.loc.LanguagePack: Reading... lang\en\behavior-code.lang
2017-12-02 19:28:23,350 DEBUG [main] stencyl.sw.loc.LanguagePack: Reading... lang\en\behavior-attributes.lang
2017-12-02 19:28:23,350 DEBUG [main] stencyl.sw.loc.LanguagePack: Reading... lang\en\behavior-create.lang
2017-12-02 19:28:23,350 DEBUG [main] stencyl.sw.loc.LanguagePack: Reading... lang\en\behavior-byob.lang
2017-12-02 19:28:23,350 DEBUG [main] stencyl.sw.loc.LanguagePack: Reading... lang\en\editor-actor-main.lang
2017-12-02 19:28:23,350 DEBUG [main] stencyl.sw.loc.LanguagePack: Reading... lang\en\editor-actor-physics.lang
2017-12-02 19:28:23,354 DEBUG [main] stencyl.sw.loc.LanguagePack: Reading... lang\en\editor-background.lang
2017-12-02 19:28:23,354 DEBUG [main] stencyl.sw.loc.LanguagePack: Reading... lang\en\editor-behaviorchooser.lang
2017-12-02 19:28:23,355 DEBUG [main] stencyl.sw.loc.LanguagePack: Reading... lang\en\editor-desktop.lang
2017-12-02 19:28:23,356 DEBUG [main] stencyl.sw.loc.LanguagePack: Reading... lang\en\editor-font.lang
2017-12-02 19:28:23,356 DEBUG [main] stencyl.sw.loc.LanguagePack: Reading... lang\en\editor-sound.lang
2017-12-02 19:28:23,357 DEBUG [main] stencyl.sw.loc.LanguagePack: Reading... lang\en\editor-tileset.lang
2017-12-02 19:28:23,357 DEBUG [main] stencyl.sw.loc.LanguagePack: Reading... lang\en\editor-preloader.lang
2017-12-02 19:28:23,358 DEBUG [main] stencyl.sw.loc.LanguagePack: Reading... lang\en\editor-mobile.lang
2017-12-02 19:28:23,358 DEBUG [main] stencyl.sw.loc.LanguagePack: Reading... lang\en\editor-groups.lang
2017-12-02 19:28:23,359 DEBUG [main] stencyl.sw.loc.LanguagePack: Reading... lang\en\editor-attributes.lang
2017-12-02 19:28:23,360 DEBUG [main] stencyl.sw.loc.LanguagePack: Reading... lang\en\editor-input.lang
2017-12-02 19:28:23,360 DEBUG [main] stencyl.sw.loc.LanguagePack: Reading... lang\en\editor-animation.lang
2017-12-02 19:28:23,361 DEBUG [main] stencyl.sw.loc.LanguagePack: Reading... lang\en\editor-scene-main.lang
2017-12-02 19:28:23,361 DEBUG [main] stencyl.sw.loc.LanguagePack: Reading... lang\en\editor-scene-create.lang
2017-12-02 19:28:23,362 DEBUG [main] stencyl.sw.loc.LanguagePack: Reading... lang\en\editor-scene-tools.lang
2017-12-02 19:28:23,363 DEBUG [main] stencyl.sw.loc.LanguagePack: Reading... lang\en\global-phrases.lang
2017-12-02 19:28:23,363 DEBUG [main] stencyl.sw.loc.LanguagePack: Reading... lang\en\global-errors.lang
2017-12-02 19:28:23,364 DEBUG [main] stencyl.sw.loc.LanguagePack: Reading... lang\en\global-menu.lang
2017-12-02 19:28:23,364 DEBUG [main] stencyl.sw.loc.LanguagePack: Reading... lang\en\global-welcome.lang
2017-12-02 19:28:23,365 DEBUG [main] stencyl.sw.loc.LanguagePack: Reading... lang\en\global-dashboard.lang
2017-12-02 19:28:23,365 DEBUG [main] stencyl.sw.loc.LanguagePack: Reading... lang\en\global-publish.lang
2017-12-02 19:28:23,366 DEBUG [main] stencyl.sw.loc.LanguagePack: Reading... lang\en\global-updater.lang
2017-12-02 19:28:23,366 DEBUG [main] stencyl.sw.loc.LanguagePack: Reading... lang\en\global-chat.lang
2017-12-02 19:28:23,366 DEBUG [main] stencyl.sw.loc.LanguagePack: Reading... lang\en\global-misc.lang
2017-12-02 19:28:23,366 DEBUG [main] stencyl.sw.loc.LanguagePack: Reading... lang\en\global-forge.lang
2017-12-02 19:28:23,366 DEBUG [main] stencyl.sw.loc.LanguagePack: Reading... lang\en\global-prefs.lang
2017-12-02 19:28:23,366 DEBUG [main] stencyl.sw.loc.LanguagePack: Reading... lang\en\global-creategame.lang
2017-12-02 19:28:23,366 DEBUG [main] stencyl.sw.loc.LanguagePack: Reading... lang\en\behavior-main.lang
2017-12-02 19:28:23,366 DEBUG [main] stencyl.sw.loc.LanguagePack: Reading... lang\en\behavior-blocks.lang
2017-12-02 19:28:23,370 DEBUG [main] stencyl.sw.loc.LanguagePack: Reading... lang\en\behavior-blockhelp.lang
2017-12-02 19:28:23,374 DEBUG [main] stencyl.sw.loc.LanguagePack: Reading... lang\en\behavior-events.lang
2017-12-02 19:28:23,374 DEBUG [main] stencyl.sw.loc.LanguagePack: Reading... lang\en\behavior-code.lang
2017-12-02 19:28:23,374 DEBUG [main] stencyl.sw.loc.LanguagePack: Reading... lang\en\behavior-attributes.lang
2017-12-02 19:28:23,374 DEBUG [main] stencyl.sw.loc.LanguagePack: Reading... lang\en\behavior-create.lang
2017-12-02 19:28:23,374 DEBUG [main] stencyl.sw.loc.LanguagePack: Reading... lang\en\behavior-byob.lang
2017-12-02 19:28:23,374 DEBUG [main] stencyl.sw.loc.LanguagePack: Reading... lang\en\editor-actor-main.lang
2017-12-02 19:28:23,374 DEBUG [main] stencyl.sw.loc.LanguagePack: Reading... lang\en\editor-actor-physics.lang
2017-12-02 19:28:23,378 DEBUG [main] stencyl.sw.loc.LanguagePack: Reading... lang\en\editor-background.lang
2017-12-02 19:28:23,378 DEBUG [main] stencyl.sw.loc.LanguagePack: Reading... lang\en\editor-behaviorchooser.lang
2017-12-02 19:28:23,378 DEBUG [main] stencyl.sw.loc.LanguagePack: Reading... lang\en\editor-desktop.lang
2017-12-02 19:28:23,378 DEBUG [main] stencyl.sw.loc.LanguagePack: Reading... lang\en\editor-font.lang
2017-12-02 19:28:23,378 DEBUG [main] stencyl.sw.loc.LanguagePack: Reading... lang\en\editor-sound.lang
2017-12-02 19:28:23,378 DEBUG [main] stencyl.sw.loc.LanguagePack: Reading... lang\en\editor-tileset.lang
2017-12-02 19:28:23,378 DEBUG [main] stencyl.sw.loc.LanguagePack: Reading... lang\en\editor-preloader.lang
2017-12-02 19:28:23,378 DEBUG [main] stencyl.sw.loc.LanguagePack: Reading... lang\en\editor-mobile.lang
2017-12-02 19:28:23,378 DEBUG [main] stencyl.sw.loc.LanguagePack: Reading... lang\en\editor-groups.lang
2017-12-02 19:28:23,382 DEBUG [main] stencyl.sw.loc.LanguagePack: Reading... lang\en\editor-attributes.lang
2017-12-02 19:28:23,382 DEBUG [main] stencyl.sw.loc.LanguagePack: Reading... lang\en\editor-input.lang
2017-12-02 19:28:23,382 DEBUG [main] stencyl.sw.loc.LanguagePack: Reading... lang\en\editor-animation.lang
2017-12-02 19:28:23,382 DEBUG [main] stencyl.sw.loc.LanguagePack: Reading... lang\en\editor-scene-main.lang
2017-12-02 19:28:23,382 DEBUG [main] stencyl.sw.loc.LanguagePack: Reading... lang\en\editor-scene-create.lang
2017-12-02 19:28:23,382 DEBUG [main] stencyl.sw.loc.LanguagePack: Reading... lang\en\editor-scene-tools.lang
2017-12-02 19:28:23,382 INFO  [AWT-EventQueue-0] stencyl.sw.SW: Initializing Stencyl.
2017-12-02 19:28:23,386 DEBUG [AWT-EventQueue-0] stencyl.sw.Splash: Set Splash message: Look
2017-12-02 19:28:24,259 INFO  [AWT-EventQueue-0] stencyl.sw.ext.ExtensionDependencyManager: Extension Dependencies: {HAXELIB={console=haxelib-console-1.0.0, polygonal-printf=haxelib-polygonal-printf-1.0.0.beta, stencyl-cppia=haxelib-stencyl-cppia-1.0.0, hxcpp=haxelib-hxcpp-3.2.0, swf=haxelib-swf-1.7.4, box2d=haxelib-box2d-1.11.0, svg=haxelib-svg-1.0.8, lime=haxelib-lime-2.9.1, format=haxelib-format-3.1.2, actuate=haxelib-actuate-1.8.6, stencyl=haxelib-stencyl-1.0.0, layout=haxelib-layout-1.1.0, hxtelemetry=haxelib-hxtelemetry-0.3.1, openfl=haxelib-openfl-3.6.1, tilelayer=haxelib-tilelayer-0.2.1, polygonal-ds=haxelib-polygonal-ds-1.4.1, box2d-fake=haxelib-box2d-fake-1.11.0}, JAVA={=java--1.8.0}, TOOLSET={}, ENGINE={}, STENCYL={=stencyl--3.4.0.beta4}}
2017-12-02 19:28:24,265 DEBUG [AWT-EventQueue-0] stencyl.sw.util.FileHelper: Matching (non-hidden) files within C:\sundae_factory\ld40\stencylworks\extensions: []
2017-12-02 19:28:24,266 DEBUG [AWT-EventQueue-0] stencyl.sw.util.FileHelper: Matching (non-hidden) files within C:\sundae_factory\ld40\stencylworks\extensions: []
2017-12-02 19:28:24,267 DEBUG [AWT-EventQueue-0] stencyl.sw.editors.game.advanced.EngineExtensionManager: Loading engine extensions...
2017-12-02 19:28:24,267 DEBUG [AWT-EventQueue-0] stencyl.sw.util.FileHelper: Directories within C:\sundae_factory\ld40\stencylworks\engine-extensions: []
2017-12-02 19:28:24,267 INFO  [AWT-EventQueue-0] stencyl.sw.editors.game.advanced.EngineExtensionManager: Engine Extensions: []
2017-12-02 19:28:24,267 INFO  [AWT-EventQueue-0] stencyl.sw.app.ExtensionManager: Toolset Extensions: []
2017-12-02 19:28:24,475 DEBUG [AWT-EventQueue-0] stencyl.sw.app.doc.Workspace: Activated: Welcome Center
2017-12-02 19:28:24,479 DEBUG [AWT-EventQueue-0] stencyl.sw.app.App: Silent Authentication.
2017-12-02 19:28:24,487 DEBUG [AWT-EventQueue-0] stencyl.sw.Splash: Dispose Splash
2017-12-02 19:28:24,965 DEBUG [pool-1-thread-1] stencyl.sw.app.tasks.AuthenticateTask: Response: user:::plans2
2017-12-02 19:28:24,966 DEBUG [pool-1-thread-1] stencyl.sw.util.FileHelper: Deleting: C:\sundae_factory\ld40\stencylworks\prefs\auth.txt
2017-12-02 19:28:24,967 INFO  [pool-1-thread-1] stencyl.sw.app.tasks.AuthenticateTask: Logged in as: jol
2017-12-02 19:28:24,967 INFO  [pool-1-thread-1] stencyl.sw.app.tasks.AuthenticateTask: Usergroup: Registered
2017-12-02 19:28:25,371 DEBUG [pool-1-thread-1] stencyl.sw.app.tasks.AuthenticateTask: 200
2017-12-02 19:32:07,707 DEBUG [AWT-EventQueue-0] stencyl.sw.SW: Frame was maximized
2017-12-02 19:32:13,772 INFO  [AWT-EventQueue-0] stencyl.sw.app.App: Attempting to quit out of Stencyl.
2017-12-02 19:32:13,780 DEBUG [AWT-EventQueue-0] stencyl.sw.util.Util: Running command: [taskkill, /im, neko.exe, /f]
2017-12-02 19:32:13,996 OFF   [Thread-7] stencyl.sw.util.StreamGobbler: [taskkill] Erreurÿ: le processus "neko.exe" est introuvable.
2017-12-02 19:32:14,000 DEBUG [AWT-EventQueue-0] stencyl.sw.util.Util: Process 'taskkill' exited with code: 128
2017-12-02 19:32:14,000 DEBUG [AWT-EventQueue-0] stencyl.sw.util.Util: Running command: [taskkill, /im, adb.exe, /f]
2017-12-02 19:32:14,124 OFF   [Thread-8] stencyl.sw.util.StreamGobbler: [taskkill] Erreurÿ: le processus "adb.exe" est introuvable.
2017-12-02 19:32:14,128 DEBUG [AWT-EventQueue-0] stencyl.sw.util.Util: Process 'taskkill' exited with code: 128
2017-12-02 19:32:14,128 DEBUG [AWT-EventQueue-0] stencyl.sw.util.Util: Running command: [taskkill, /im, arm-linux-androideabi-g++.exe, /f]
2017-12-02 19:32:14,232 OFF   [Thread-9] stencyl.sw.util.StreamGobbler: [taskkill] Erreurÿ: le processus "arm-linux-androideabi-g++.exe" est introuvable.
2017-12-02 19:32:14,238 DEBUG [AWT-EventQueue-0] stencyl.sw.util.Util: Process 'taskkill' exited with code: 128
2017-12-02 19:32:14,238 DEBUG [AWT-EventQueue-0] stencyl.sw.util.Util: Running command: [taskkill, /im, cc1plus.exe, /f]
2017-12-02 19:32:14,332 OFF   [Thread-10] stencyl.sw.util.StreamGobbler: [taskkill] Erreurÿ: le processus "cc1plus.exe" est introuvable.
2017-12-02 19:32:14,342 DEBUG [AWT-EventQueue-0] stencyl.sw.util.Util: Process 'taskkill' exited with code: 128
2017-12-02 19:32:14,342 DEBUG [AWT-EventQueue-0] stencyl.sw.util.Util: Running command: [taskkill, /im, tail.exe, /f]
2017-12-02 19:32:14,453 OFF   [Thread-11] stencyl.sw.util.StreamGobbler: [taskkill] Erreurÿ: le processus "tail.exe" est introuvable.
2017-12-02 19:32:14,457 DEBUG [AWT-EventQueue-0] stencyl.sw.util.Util: Process 'taskkill' exited with code: 128
2017-12-02 19:32:14,457 DEBUG [AWT-EventQueue-0] stencyl.sw.util.Util: Running command: [taskkill, /im, ios-sim.exe, /f]
2017-12-02 19:32:14,547 OFF   [Thread-12] stencyl.sw.util.StreamGobbler: [taskkill] Erreurÿ: le processus "ios-sim.exe" est introuvable.
2017-12-02 19:32:14,552 DEBUG [AWT-EventQueue-0] stencyl.sw.util.Util: Process 'taskkill' exited with code: 128
2017-12-02 19:32:14,552 DEBUG [AWT-EventQueue-0] stencyl.sw.app.App: Destroying extensions.
2017-12-02 19:32:14,552 DEBUG [AWT-EventQueue-0] stencyl.sw.app.App: Performing final close.
2017-12-02 19:32:14,556 INFO  [AWT-EventQueue-0] stencyl.sw.app.App: Exiting...
2017-12-02 19:32:14,556 DEBUG [AWT-EventQueue-0] stencyl.sw.app.App: Destroying Temporary Sandbox.
2017-12-02 19:32:14,556 DEBUG [AWT-EventQueue-0] stencyl.sw.util.FileHelper: Deleting: C:\Users\Ludovic\AppData\Local\Temp\stencyl7079934133593333674
