2017-12-02 16:34:08,927 INFO  [main] stencyl.sw.Session: Logfile: C:\sundae_factory\ld40\stencylworks\logs\2017-12-02_16-34-08.log
2017-12-02 16:34:08,935 INFO  [main] stencyl.sw.Session: OS Name: Windows 10
2017-12-02 16:34:08,935 INFO  [main] stencyl.sw.Session: OS Version: 10.0 (64-bit)
2017-12-02 16:34:08,935 INFO  [main] stencyl.sw.Session: Java Version: 1.8.0_60
2017-12-02 16:34:08,935 INFO  [main] stencyl.sw.Session: Java Home Environment Variable (JAVA_HOME): not set
2017-12-02 16:34:08,935 INFO  [main] stencyl.sw.Session: Stencyl Version: 3.4.0.beta4 (b9300)
2017-12-02 16:34:08,935 INFO  [main] stencyl.sw.Session: Stencyl Workspace: C:\sundae_factory\ld40\
2017-12-02 16:34:08,935 INFO  [main] stencyl.sw.Session: User Working Directory: C:\Program Files (x86)\Stencyl34FINALHTML5
2017-12-02 16:34:08,942 INFO  [main] stencyl.sw.Session: User Home Directory: C:\Users\Ludovic
2017-12-02 16:34:08,943 INFO  [main] stencyl.sw.Session: System Path: C:\ProgramData\Oracle\Java\javapath;C:\WINDOWS\system32;C:\WINDOWS;C:\WINDOWS\System32\Wbem;C:\WINDOWS\System32\WindowsPowerShell\v1.0\;C:\Program Files\TortoiseSVN\bin;C:\Program Files\TortoiseGit\bin;C:\Program Files (x86)\GtkSharp\2.12\bin;C:\Program Files (x86)\Windows Kits\8.1\Windows Performance Toolkit\;C:\Program Files (x86)\Skype\Phone\;C:\Users\Ludovic\AppData\Local\Microsoft\WindowsApps;;C:\Program Files (x86)\Stencyl34FINALHTML5\runtimes\jre-win\bin
2017-12-02 16:34:09,059 DEBUG [main] stencyl.sw.util.FileHelper: Deleting: C:\Users\Ludovic\AppData\Local\Temp\stencyl1614709514801489208
2017-12-02 16:34:09,059 DEBUG [main] stencyl.sw.loc.LanguagePack: Reading... lang\en\global-phrases.lang
2017-12-02 16:34:09,063 DEBUG [main] stencyl.sw.loc.LanguagePack: Reading... lang\en\global-errors.lang
2017-12-02 16:34:09,067 DEBUG [main] stencyl.sw.loc.LanguagePack: Reading... lang\en\global-menu.lang
2017-12-02 16:34:09,071 DEBUG [main] stencyl.sw.loc.LanguagePack: Reading... lang\en\global-welcome.lang
2017-12-02 16:34:09,071 DEBUG [main] stencyl.sw.loc.LanguagePack: Reading... lang\en\global-dashboard.lang
2017-12-02 16:34:09,075 DEBUG [main] stencyl.sw.loc.LanguagePack: Reading... lang\en\global-publish.lang
2017-12-02 16:34:09,075 DEBUG [main] stencyl.sw.loc.LanguagePack: Reading... lang\en\global-updater.lang
2017-12-02 16:34:09,075 DEBUG [main] stencyl.sw.loc.LanguagePack: Reading... lang\en\global-chat.lang
2017-12-02 16:34:09,079 DEBUG [main] stencyl.sw.loc.LanguagePack: Reading... lang\en\global-misc.lang
2017-12-02 16:34:09,079 DEBUG [main] stencyl.sw.loc.LanguagePack: Reading... lang\en\global-forge.lang
2017-12-02 16:34:09,083 DEBUG [main] stencyl.sw.loc.LanguagePack: Reading... lang\en\global-prefs.lang
2017-12-02 16:34:09,083 DEBUG [main] stencyl.sw.loc.LanguagePack: Reading... lang\en\global-creategame.lang
2017-12-02 16:34:09,083 DEBUG [main] stencyl.sw.loc.LanguagePack: Reading... lang\en\behavior-main.lang
2017-12-02 16:34:09,099 DEBUG [main] stencyl.sw.loc.LanguagePack: Reading... lang\en\behavior-blocks.lang
2017-12-02 16:34:09,107 DEBUG [main] stencyl.sw.loc.LanguagePack: Reading... lang\en\behavior-blockhelp.lang
2017-12-02 16:34:09,115 DEBUG [main] stencyl.sw.loc.LanguagePack: Reading... lang\en\behavior-events.lang
2017-12-02 16:34:09,115 DEBUG [main] stencyl.sw.loc.LanguagePack: Reading... lang\en\behavior-code.lang
2017-12-02 16:34:09,115 DEBUG [main] stencyl.sw.loc.LanguagePack: Reading... lang\en\behavior-attributes.lang
2017-12-02 16:34:09,115 DEBUG [main] stencyl.sw.loc.LanguagePack: Reading... lang\en\behavior-create.lang
2017-12-02 16:34:09,115 DEBUG [main] stencyl.sw.loc.LanguagePack: Reading... lang\en\behavior-byob.lang
2017-12-02 16:34:09,119 DEBUG [main] stencyl.sw.loc.LanguagePack: Reading... lang\en\editor-actor-main.lang
2017-12-02 16:34:09,119 DEBUG [main] stencyl.sw.loc.LanguagePack: Reading... lang\en\editor-actor-physics.lang
2017-12-02 16:34:09,119 DEBUG [main] stencyl.sw.loc.LanguagePack: Reading... lang\en\editor-background.lang
2017-12-02 16:34:09,119 DEBUG [main] stencyl.sw.loc.LanguagePack: Reading... lang\en\editor-behaviorchooser.lang
2017-12-02 16:34:09,119 DEBUG [main] stencyl.sw.loc.LanguagePack: Reading... lang\en\editor-desktop.lang
2017-12-02 16:34:09,119 DEBUG [main] stencyl.sw.loc.LanguagePack: Reading... lang\en\editor-font.lang
2017-12-02 16:34:09,119 DEBUG [main] stencyl.sw.loc.LanguagePack: Reading... lang\en\editor-sound.lang
2017-12-02 16:34:09,123 DEBUG [main] stencyl.sw.loc.LanguagePack: Reading... lang\en\editor-tileset.lang
2017-12-02 16:34:09,123 DEBUG [main] stencyl.sw.loc.LanguagePack: Reading... lang\en\editor-preloader.lang
2017-12-02 16:34:09,123 DEBUG [main] stencyl.sw.loc.LanguagePack: Reading... lang\en\editor-mobile.lang
2017-12-02 16:34:09,123 DEBUG [main] stencyl.sw.loc.LanguagePack: Reading... lang\en\editor-groups.lang
2017-12-02 16:34:09,123 DEBUG [main] stencyl.sw.loc.LanguagePack: Reading... lang\en\editor-attributes.lang
2017-12-02 16:34:09,123 DEBUG [main] stencyl.sw.loc.LanguagePack: Reading... lang\en\editor-input.lang
2017-12-02 16:34:09,123 DEBUG [main] stencyl.sw.loc.LanguagePack: Reading... lang\en\editor-animation.lang
2017-12-02 16:34:09,123 DEBUG [main] stencyl.sw.loc.LanguagePack: Reading... lang\en\editor-scene-main.lang
2017-12-02 16:34:09,127 DEBUG [main] stencyl.sw.loc.LanguagePack: Reading... lang\en\editor-scene-create.lang
2017-12-02 16:34:09,127 DEBUG [main] stencyl.sw.loc.LanguagePack: Reading... lang\en\editor-scene-tools.lang
2017-12-02 16:34:09,127 DEBUG [main] stencyl.sw.loc.LanguagePack: Reading... lang\en\global-phrases.lang
2017-12-02 16:34:09,127 DEBUG [main] stencyl.sw.loc.LanguagePack: Reading... lang\en\global-errors.lang
2017-12-02 16:34:09,127 DEBUG [main] stencyl.sw.loc.LanguagePack: Reading... lang\en\global-menu.lang
2017-12-02 16:34:09,127 DEBUG [main] stencyl.sw.loc.LanguagePack: Reading... lang\en\global-welcome.lang
2017-12-02 16:34:09,131 DEBUG [main] stencyl.sw.loc.LanguagePack: Reading... lang\en\global-dashboard.lang
2017-12-02 16:34:09,131 DEBUG [main] stencyl.sw.loc.LanguagePack: Reading... lang\en\global-publish.lang
2017-12-02 16:34:09,131 DEBUG [main] stencyl.sw.loc.LanguagePack: Reading... lang\en\global-updater.lang
2017-12-02 16:34:09,131 DEBUG [main] stencyl.sw.loc.LanguagePack: Reading... lang\en\global-chat.lang
2017-12-02 16:34:09,135 DEBUG [main] stencyl.sw.loc.LanguagePack: Reading... lang\en\global-misc.lang
2017-12-02 16:34:09,135 DEBUG [main] stencyl.sw.loc.LanguagePack: Reading... lang\en\global-forge.lang
2017-12-02 16:34:09,135 DEBUG [main] stencyl.sw.loc.LanguagePack: Reading... lang\en\global-prefs.lang
2017-12-02 16:34:09,135 DEBUG [main] stencyl.sw.loc.LanguagePack: Reading... lang\en\global-creategame.lang
2017-12-02 16:34:09,135 DEBUG [main] stencyl.sw.loc.LanguagePack: Reading... lang\en\behavior-main.lang
2017-12-02 16:34:09,135 DEBUG [main] stencyl.sw.loc.LanguagePack: Reading... lang\en\behavior-blocks.lang
2017-12-02 16:34:09,142 DEBUG [main] stencyl.sw.loc.LanguagePack: Reading... lang\en\behavior-blockhelp.lang
2017-12-02 16:34:09,145 DEBUG [main] stencyl.sw.loc.LanguagePack: Reading... lang\en\behavior-events.lang
2017-12-02 16:34:09,145 DEBUG [main] stencyl.sw.loc.LanguagePack: Reading... lang\en\behavior-code.lang
2017-12-02 16:34:09,145 DEBUG [main] stencyl.sw.loc.LanguagePack: Reading... lang\en\behavior-attributes.lang
2017-12-02 16:34:09,146 DEBUG [main] stencyl.sw.loc.LanguagePack: Reading... lang\en\behavior-create.lang
2017-12-02 16:34:09,147 DEBUG [main] stencyl.sw.loc.LanguagePack: Reading... lang\en\behavior-byob.lang
2017-12-02 16:34:09,147 DEBUG [main] stencyl.sw.loc.LanguagePack: Reading... lang\en\editor-actor-main.lang
2017-12-02 16:34:09,147 DEBUG [main] stencyl.sw.loc.LanguagePack: Reading... lang\en\editor-actor-physics.lang
2017-12-02 16:34:09,148 DEBUG [main] stencyl.sw.loc.LanguagePack: Reading... lang\en\editor-background.lang
2017-12-02 16:34:09,148 DEBUG [main] stencyl.sw.loc.LanguagePack: Reading... lang\en\editor-behaviorchooser.lang
2017-12-02 16:34:09,149 DEBUG [main] stencyl.sw.loc.LanguagePack: Reading... lang\en\editor-desktop.lang
2017-12-02 16:34:09,150 DEBUG [main] stencyl.sw.loc.LanguagePack: Reading... lang\en\editor-font.lang
2017-12-02 16:34:09,150 DEBUG [main] stencyl.sw.loc.LanguagePack: Reading... lang\en\editor-sound.lang
2017-12-02 16:34:09,150 DEBUG [main] stencyl.sw.loc.LanguagePack: Reading... lang\en\editor-tileset.lang
2017-12-02 16:34:09,151 DEBUG [main] stencyl.sw.loc.LanguagePack: Reading... lang\en\editor-preloader.lang
2017-12-02 16:34:09,152 DEBUG [main] stencyl.sw.loc.LanguagePack: Reading... lang\en\editor-mobile.lang
2017-12-02 16:34:09,153 DEBUG [main] stencyl.sw.loc.LanguagePack: Reading... lang\en\editor-groups.lang
2017-12-02 16:34:09,154 DEBUG [main] stencyl.sw.loc.LanguagePack: Reading... lang\en\editor-attributes.lang
2017-12-02 16:34:09,155 DEBUG [main] stencyl.sw.loc.LanguagePack: Reading... lang\en\editor-input.lang
2017-12-02 16:34:09,155 DEBUG [main] stencyl.sw.loc.LanguagePack: Reading... lang\en\editor-animation.lang
2017-12-02 16:34:09,155 DEBUG [main] stencyl.sw.loc.LanguagePack: Reading... lang\en\editor-scene-main.lang
2017-12-02 16:34:09,155 DEBUG [main] stencyl.sw.loc.LanguagePack: Reading... lang\en\editor-scene-create.lang
2017-12-02 16:34:09,155 DEBUG [main] stencyl.sw.loc.LanguagePack: Reading... lang\en\editor-scene-tools.lang
2017-12-02 16:34:09,155 INFO  [AWT-EventQueue-0] stencyl.sw.SW: Initializing Stencyl.
2017-12-02 16:34:09,160 DEBUG [AWT-EventQueue-0] stencyl.sw.Splash: Set Splash message: Look
2017-12-02 16:34:10,101 INFO  [AWT-EventQueue-0] stencyl.sw.ext.ExtensionDependencyManager: Extension Dependencies: {HAXELIB={console=haxelib-console-1.0.0, polygonal-printf=haxelib-polygonal-printf-1.0.0.beta, stencyl-cppia=haxelib-stencyl-cppia-1.0.0, hxcpp=haxelib-hxcpp-3.2.0, swf=haxelib-swf-1.7.4, box2d=haxelib-box2d-1.11.0, svg=haxelib-svg-1.0.8, lime=haxelib-lime-2.9.1, format=haxelib-format-3.1.2, actuate=haxelib-actuate-1.8.6, stencyl=haxelib-stencyl-1.0.0, layout=haxelib-layout-1.1.0, hxtelemetry=haxelib-hxtelemetry-0.3.1, openfl=haxelib-openfl-3.6.1, tilelayer=haxelib-tilelayer-0.2.1, polygonal-ds=haxelib-polygonal-ds-1.4.1, box2d-fake=haxelib-box2d-fake-1.11.0}, JAVA={=java--1.8.0}, TOOLSET={}, ENGINE={}, STENCYL={=stencyl--3.4.0.beta4}}
2017-12-02 16:34:10,101 DEBUG [AWT-EventQueue-0] stencyl.sw.util.FileHelper: Matching (non-hidden) files within C:\sundae_factory\ld40\stencylworks\extensions: []
2017-12-02 16:34:10,101 DEBUG [AWT-EventQueue-0] stencyl.sw.util.FileHelper: Matching (non-hidden) files within C:\sundae_factory\ld40\stencylworks\extensions: []
2017-12-02 16:34:10,101 DEBUG [AWT-EventQueue-0] stencyl.sw.editors.game.advanced.EngineExtensionManager: Loading engine extensions...
2017-12-02 16:34:10,101 DEBUG [AWT-EventQueue-0] stencyl.sw.util.FileHelper: Directories within C:\sundae_factory\ld40\stencylworks\engine-extensions: []
2017-12-02 16:34:10,101 INFO  [AWT-EventQueue-0] stencyl.sw.editors.game.advanced.EngineExtensionManager: Engine Extensions: []
2017-12-02 16:34:10,101 INFO  [AWT-EventQueue-0] stencyl.sw.app.ExtensionManager: Extension settings not found. Creating settings file...
2017-12-02 16:34:10,219 INFO  [AWT-EventQueue-0] stencyl.sw.app.ExtensionManager: Toolset Extensions: []
2017-12-02 16:34:10,404 DEBUG [AWT-EventQueue-0] stencyl.sw.app.doc.Workspace: Activated: Welcome Center
2017-12-02 16:34:10,404 DEBUG [AWT-EventQueue-0] stencyl.sw.app.App: Silent Authentication.
2017-12-02 16:34:10,420 DEBUG [AWT-EventQueue-0] stencyl.sw.Splash: Dispose Splash
2017-12-02 16:34:10,879 DEBUG [pool-1-thread-1] stencyl.sw.app.tasks.AuthenticateTask: Response: user:::plans2
2017-12-02 16:34:10,879 DEBUG [pool-1-thread-1] stencyl.sw.util.FileHelper: Deleting: C:\sundae_factory\ld40\stencylworks\prefs\auth.txt
2017-12-02 16:34:10,879 INFO  [pool-1-thread-1] stencyl.sw.app.tasks.AuthenticateTask: Logged in as: jol
2017-12-02 16:34:10,879 INFO  [pool-1-thread-1] stencyl.sw.app.tasks.AuthenticateTask: Usergroup: Registered
2017-12-02 16:34:11,279 DEBUG [pool-1-thread-1] stencyl.sw.app.tasks.AuthenticateTask: 200
2017-12-02 16:34:12,325 DEBUG [AWT-EventQueue-0] stencyl.sw.SW: Frame was maximized
2017-12-02 16:34:17,748 DEBUG [AWT-EventQueue-0] stencyl.sw.util.FileHelper: Deleting: C:\Users\Ludovic\AppData\Local\Temp\stencyl1614709514801489208\sandbox\test\temp
2017-12-02 16:34:17,748 DEBUG [AWT-EventQueue-0] stencyl.sw.util.FileHelper: Deleting: C:\sundae_factory\ld40\stencylworks\preview\scripts
2017-12-02 16:34:17,765 DEBUG [AWT-EventQueue-0] stencyl.sw.util.FileHelper: Deleting: C:\sundae_factory\ld40\stencylworks\preview\game
2017-12-02 16:34:17,767 INFO  [AWT-EventQueue-0] stencyl.sw.app.tasks.OpenGameTask: Opening game: ld40
2017-12-02 16:34:17,933 DEBUG [AWT-EventQueue-0] stencyl.sw.app.doc.Workspace: Activated: Dashboard
2017-12-02 16:34:17,933 DEBUG [AWT-EventQueue-0] stencyl.sw.util.FileHelper: Trying to delete file that does not exist: C:\Users\Ludovic\AppData\Local\Temp\stencyl1614709514801489208\sandbox\build\code
2017-12-02 16:34:17,933 DEBUG [AWT-EventQueue-0] stencyl.sw.util.FileHelper: Deleting: C:\Users\Ludovic\AppData\Local\Temp\stencyl1614709514801489208\sandbox\test\temp
2017-12-02 16:34:18,002 DEBUG [AWT-EventQueue-0] stencyl.sw.app.tasks.OpenGameTask: Took 235ms
2017-12-02 16:34:18,504 DEBUG [AWT-EventQueue-0] stencyl.sw.editors.game.cgroups.CollisionGroupTree: Loading actor group into tree: Actors
2017-12-02 16:34:18,504 DEBUG [AWT-EventQueue-0] stencyl.sw.editors.game.cgroups.CollisionGroupTree: Loading actor group into tree: Doodads
2017-12-02 16:34:18,519 DEBUG [AWT-EventQueue-0] stencyl.sw.editors.game.cgroups.CollisionGroupTree: Loading actor group into tree: Players
2017-12-02 16:34:18,519 DEBUG [AWT-EventQueue-0] stencyl.sw.editors.game.cgroups.CollisionGroupTree: Loading actor group into tree: Regions
2017-12-02 16:34:18,535 DEBUG [AWT-EventQueue-0] stencyl.sw.editors.game.cgroups.CollisionGroupTree: Loading actor group into tree: Tiles
2017-12-02 16:34:19,138 DEBUG [AWT-EventQueue-0] stencyl.core.lib.Atlas: Getting memory for atlas 0
2017-12-02 16:34:19,153 DEBUG [AWT-EventQueue-0] stencyl.core.lib.Atlas: Getting memory for atlas 1
2017-12-02 16:34:19,153 DEBUG [AWT-EventQueue-0] stencyl.core.lib.Atlas: Getting memory for atlas 2
2017-12-02 16:34:19,153 DEBUG [AWT-EventQueue-0] stencyl.core.lib.Atlas: Getting memory for atlas 3
2017-12-02 16:34:19,274 DEBUG [AWT-EventQueue-0] stencyl.sw.editors.game.cgroups.CollisionGroupTree: Loading actor group into tree: Actors
2017-12-02 16:34:19,290 DEBUG [AWT-EventQueue-0] stencyl.sw.editors.game.cgroups.CollisionGroupTree: Loading actor group into tree: Doodads
2017-12-02 16:34:19,290 DEBUG [AWT-EventQueue-0] stencyl.sw.editors.game.cgroups.CollisionGroupTree: Loading actor group into tree: Players
2017-12-02 16:34:19,290 DEBUG [AWT-EventQueue-0] stencyl.sw.editors.game.cgroups.CollisionGroupTree: Loading actor group into tree: Regions
2017-12-02 16:34:19,306 DEBUG [AWT-EventQueue-0] stencyl.sw.editors.game.cgroups.CollisionGroupTree: Loading actor group into tree: Tiles
2017-12-02 16:34:23,743 DEBUG [AWT-EventQueue-0] stencyl.sw.app.App: Action: Android
2017-12-02 16:34:23,743 DEBUG [AWT-EventQueue-0] stencyl.sw.util.dg.MessageDialog: Renewal Notice - Your Stencyl subscription has expired. Please renew to use this feature. If you think this is a mistake, please contact us.
2017-12-02 16:34:29,564 DEBUG [AWT-EventQueue-0] stencyl.sw.app.App: Opening URL in browser: http://www.stencyl.com/pricing/renew/
2017-12-02 16:34:35,739 DEBUG [AWT-EventQueue-0] stencyl.sw.app.App: Action: Preferences...
2017-12-02 16:34:35,808 DEBUG [AWT-EventQueue-0] stencyl.sw.util.FileHelper: Failed to list contents of C:\sundae_factory\ld40\stencylworks\lang. It does not exist or is not a directory.
2017-12-02 16:34:35,808 DEBUG [AWT-EventQueue-0] stencyl.sw.util.FileHelper: Directories within lang: [lang\de, lang\el, lang\en, lang\es, lang\fi, lang\fr, lang\it, lang\nl, lang\pl, lang\pt, lang\ru, lang\zh, lang\zh_CN]
2017-12-02 16:34:35,823 DEBUG [AWT-EventQueue-0] stencyl.sw.prefs.LanguagePage: Found allemand in lang\de
2017-12-02 16:34:35,823 DEBUG [AWT-EventQueue-0] stencyl.sw.prefs.LanguagePage: Found grec in lang\el
2017-12-02 16:34:35,823 DEBUG [AWT-EventQueue-0] stencyl.sw.prefs.LanguagePage: Found anglais in lang\en
2017-12-02 16:34:35,823 DEBUG [AWT-EventQueue-0] stencyl.sw.prefs.LanguagePage: Found espagnol in lang\es
2017-12-02 16:34:35,823 DEBUG [AWT-EventQueue-0] stencyl.sw.prefs.LanguagePage: Found finnois in lang\fi
2017-12-02 16:34:35,823 DEBUG [AWT-EventQueue-0] stencyl.sw.prefs.LanguagePage: Found français in lang\fr
2017-12-02 16:34:35,823 DEBUG [AWT-EventQueue-0] stencyl.sw.prefs.LanguagePage: Found italien in lang\it
2017-12-02 16:34:35,823 DEBUG [AWT-EventQueue-0] stencyl.sw.prefs.LanguagePage: Found néerlandais in lang\nl
2017-12-02 16:34:35,823 DEBUG [AWT-EventQueue-0] stencyl.sw.prefs.LanguagePage: Found polonais in lang\pl
2017-12-02 16:34:35,823 DEBUG [AWT-EventQueue-0] stencyl.sw.prefs.LanguagePage: Found portugais in lang\pt
2017-12-02 16:34:35,823 DEBUG [AWT-EventQueue-0] stencyl.sw.prefs.LanguagePage: Found russe in lang\ru
2017-12-02 16:34:35,823 DEBUG [AWT-EventQueue-0] stencyl.sw.prefs.LanguagePage: Found chinois in lang\zh
2017-12-02 16:34:35,823 DEBUG [AWT-EventQueue-0] stencyl.sw.prefs.LanguagePage: Found chinois (Chine) in lang\zh_CN
2017-12-02 16:34:40,516 INFO  [AWT-EventQueue-0] stencyl.sw.app.App: Attempting to quit out of Stencyl.
2017-12-02 16:34:41,948 DEBUG [AWT-EventQueue-0] stencyl.sw.util.Util: Running command: [taskkill, /im, neko.exe, /f]
2017-12-02 16:34:42,101 OFF   [Thread-7] stencyl.sw.util.StreamGobbler: [taskkill] Erreurÿ: le processus "neko.exe" est introuvable.
2017-12-02 16:34:42,101 DEBUG [AWT-EventQueue-0] stencyl.sw.util.Util: Process 'taskkill' exited with code: 128
2017-12-02 16:34:42,101 DEBUG [AWT-EventQueue-0] stencyl.sw.util.Util: Running command: [taskkill, /im, adb.exe, /f]
2017-12-02 16:34:42,196 OFF   [Thread-8] stencyl.sw.util.StreamGobbler: [taskkill] Erreurÿ: le processus "adb.exe" est introuvable.
2017-12-02 16:34:42,200 DEBUG [AWT-EventQueue-0] stencyl.sw.util.Util: Process 'taskkill' exited with code: 128
2017-12-02 16:34:42,201 DEBUG [AWT-EventQueue-0] stencyl.sw.util.Util: Running command: [taskkill, /im, arm-linux-androideabi-g++.exe, /f]
2017-12-02 16:34:42,279 OFF   [Thread-9] stencyl.sw.util.StreamGobbler: [taskkill] Erreurÿ: le processus "arm-linux-androideabi-g++.exe" est introuvable.
2017-12-02 16:34:42,279 DEBUG [AWT-EventQueue-0] stencyl.sw.util.Util: Process 'taskkill' exited with code: 128
2017-12-02 16:34:42,295 DEBUG [AWT-EventQueue-0] stencyl.sw.util.Util: Running command: [taskkill, /im, cc1plus.exe, /f]
2017-12-02 16:34:42,380 OFF   [Thread-10] stencyl.sw.util.StreamGobbler: [taskkill] Erreurÿ: le processus "cc1plus.exe" est introuvable.
2017-12-02 16:34:42,380 DEBUG [AWT-EventQueue-0] stencyl.sw.util.Util: Process 'taskkill' exited with code: 128
2017-12-02 16:34:42,380 DEBUG [AWT-EventQueue-0] stencyl.sw.util.Util: Running command: [taskkill, /im, tail.exe, /f]
2017-12-02 16:34:42,480 OFF   [Thread-11] stencyl.sw.util.StreamGobbler: [taskkill] Erreurÿ: le processus "tail.exe" est introuvable.
2017-12-02 16:34:42,480 DEBUG [AWT-EventQueue-0] stencyl.sw.util.Util: Process 'taskkill' exited with code: 128
2017-12-02 16:34:42,480 DEBUG [AWT-EventQueue-0] stencyl.sw.util.Util: Running command: [taskkill, /im, ios-sim.exe, /f]
2017-12-02 16:34:42,564 OFF   [Thread-12] stencyl.sw.util.StreamGobbler: [taskkill] Erreurÿ: le processus "ios-sim.exe" est introuvable.
2017-12-02 16:34:42,564 DEBUG [AWT-EventQueue-0] stencyl.sw.util.Util: Process 'taskkill' exited with code: 128
2017-12-02 16:34:42,564 DEBUG [AWT-EventQueue-0] stencyl.sw.app.App: Destroying extensions.
2017-12-02 16:34:42,564 DEBUG [AWT-EventQueue-0] stencyl.sw.app.App: Performing final close.
2017-12-02 16:34:42,580 INFO  [AWT-EventQueue-0] stencyl.sw.app.App: Exiting...
2017-12-02 16:34:42,580 DEBUG [AWT-EventQueue-0] stencyl.sw.app.App: Destroying Temporary Sandbox.
2017-12-02 16:34:42,580 DEBUG [AWT-EventQueue-0] stencyl.sw.util.FileHelper: Deleting: C:\Users\Ludovic\AppData\Local\Temp\stencyl1614709514801489208
