2017-12-02 19:32:12,500 INFO  [main] stencyl.sw.Session: Logfile: C:\sundae_factory\ld40\stencylworks\logs\2017-12-02_19-32-12.log
2017-12-02 19:32:12,504 INFO  [main] stencyl.sw.Session: OS Name: Windows 10
2017-12-02 19:32:12,508 INFO  [main] stencyl.sw.Session: OS Version: 10.0 (64-bit)
2017-12-02 19:32:12,508 INFO  [main] stencyl.sw.Session: Java Version: 1.8.0_60
2017-12-02 19:32:12,508 INFO  [main] stencyl.sw.Session: Java Home Environment Variable (JAVA_HOME): not set
2017-12-02 19:32:12,508 INFO  [main] stencyl.sw.Session: Stencyl Version: 3.4.0.beta4 (b9300)
2017-12-02 19:32:12,508 INFO  [main] stencyl.sw.Session: Stencyl Workspace: C:\sundae_factory\ld40\
2017-12-02 19:32:12,508 INFO  [main] stencyl.sw.Session: User Working Directory: C:\Program Files (x86)\Stencyl
2017-12-02 19:32:12,512 INFO  [main] stencyl.sw.Session: User Home Directory: C:\Users\Ludovic
2017-12-02 19:32:12,512 INFO  [main] stencyl.sw.Session: System Path: C:\ProgramData\Oracle\Java\javapath;C:\WINDOWS\system32;C:\WINDOWS;C:\WINDOWS\System32\Wbem;C:\WINDOWS\System32\WindowsPowerShell\v1.0\;C:\Program Files\TortoiseSVN\bin;C:\Program Files\TortoiseGit\bin;C:\Program Files (x86)\GtkSharp\2.12\bin;C:\Program Files (x86)\Windows Kits\8.1\Windows Performance Toolkit\;C:\Program Files (x86)\Skype\Phone\;C:\Users\Ludovic\AppData\Local\Microsoft\WindowsApps;;C:\Program Files (x86)\Stencyl\runtimes\jre-win\bin
2017-12-02 19:32:12,616 DEBUG [main] stencyl.sw.util.FileHelper: Deleting: C:\Users\Ludovic\AppData\Local\Temp\stencyl4247417522909474440
2017-12-02 19:32:12,616 DEBUG [main] stencyl.sw.loc.LanguagePack: Reading... lang\en\global-phrases.lang
2017-12-02 19:32:12,624 DEBUG [main] stencyl.sw.loc.LanguagePack: Reading... lang\en\global-errors.lang
2017-12-02 19:32:12,624 DEBUG [main] stencyl.sw.loc.LanguagePack: Reading... lang\en\global-menu.lang
2017-12-02 19:32:12,628 DEBUG [main] stencyl.sw.loc.LanguagePack: Reading... lang\en\global-welcome.lang
2017-12-02 19:32:12,628 DEBUG [main] stencyl.sw.loc.LanguagePack: Reading... lang\en\global-dashboard.lang
2017-12-02 19:32:12,632 DEBUG [main] stencyl.sw.loc.LanguagePack: Reading... lang\en\global-publish.lang
2017-12-02 19:32:12,632 DEBUG [main] stencyl.sw.loc.LanguagePack: Reading... lang\en\global-updater.lang
2017-12-02 19:32:12,632 DEBUG [main] stencyl.sw.loc.LanguagePack: Reading... lang\en\global-chat.lang
2017-12-02 19:32:12,632 DEBUG [main] stencyl.sw.loc.LanguagePack: Reading... lang\en\global-misc.lang
2017-12-02 19:32:12,638 DEBUG [main] stencyl.sw.loc.LanguagePack: Reading... lang\en\global-forge.lang
2017-12-02 19:32:12,640 DEBUG [main] stencyl.sw.loc.LanguagePack: Reading... lang\en\global-prefs.lang
2017-12-02 19:32:12,642 DEBUG [main] stencyl.sw.loc.LanguagePack: Reading... lang\en\global-creategame.lang
2017-12-02 19:32:12,643 DEBUG [main] stencyl.sw.loc.LanguagePack: Reading... lang\en\behavior-main.lang
2017-12-02 19:32:12,644 DEBUG [main] stencyl.sw.loc.LanguagePack: Reading... lang\en\behavior-blocks.lang
2017-12-02 19:32:12,664 DEBUG [main] stencyl.sw.loc.LanguagePack: Reading... lang\en\behavior-blockhelp.lang
2017-12-02 19:32:12,664 DEBUG [main] stencyl.sw.loc.LanguagePack: Reading... lang\en\behavior-events.lang
2017-12-02 19:32:12,668 DEBUG [main] stencyl.sw.loc.LanguagePack: Reading... lang\en\behavior-code.lang
2017-12-02 19:32:12,668 DEBUG [main] stencyl.sw.loc.LanguagePack: Reading... lang\en\behavior-attributes.lang
2017-12-02 19:32:12,668 DEBUG [main] stencyl.sw.loc.LanguagePack: Reading... lang\en\behavior-create.lang
2017-12-02 19:32:12,668 DEBUG [main] stencyl.sw.loc.LanguagePack: Reading... lang\en\behavior-byob.lang
2017-12-02 19:32:12,668 DEBUG [main] stencyl.sw.loc.LanguagePack: Reading... lang\en\editor-actor-main.lang
2017-12-02 19:32:12,668 DEBUG [main] stencyl.sw.loc.LanguagePack: Reading... lang\en\editor-actor-physics.lang
2017-12-02 19:32:12,672 DEBUG [main] stencyl.sw.loc.LanguagePack: Reading... lang\en\editor-background.lang
2017-12-02 19:32:12,672 DEBUG [main] stencyl.sw.loc.LanguagePack: Reading... lang\en\editor-behaviorchooser.lang
2017-12-02 19:32:12,672 DEBUG [main] stencyl.sw.loc.LanguagePack: Reading... lang\en\editor-desktop.lang
2017-12-02 19:32:12,672 DEBUG [main] stencyl.sw.loc.LanguagePack: Reading... lang\en\editor-font.lang
2017-12-02 19:32:12,672 DEBUG [main] stencyl.sw.loc.LanguagePack: Reading... lang\en\editor-sound.lang
2017-12-02 19:32:12,672 DEBUG [main] stencyl.sw.loc.LanguagePack: Reading... lang\en\editor-tileset.lang
2017-12-02 19:32:12,672 DEBUG [main] stencyl.sw.loc.LanguagePack: Reading... lang\en\editor-preloader.lang
2017-12-02 19:32:12,676 DEBUG [main] stencyl.sw.loc.LanguagePack: Reading... lang\en\editor-mobile.lang
2017-12-02 19:32:12,676 DEBUG [main] stencyl.sw.loc.LanguagePack: Reading... lang\en\editor-groups.lang
2017-12-02 19:32:12,676 DEBUG [main] stencyl.sw.loc.LanguagePack: Reading... lang\en\editor-attributes.lang
2017-12-02 19:32:12,676 DEBUG [main] stencyl.sw.loc.LanguagePack: Reading... lang\en\editor-input.lang
2017-12-02 19:32:12,676 DEBUG [main] stencyl.sw.loc.LanguagePack: Reading... lang\en\editor-animation.lang
2017-12-02 19:32:12,676 DEBUG [main] stencyl.sw.loc.LanguagePack: Reading... lang\en\editor-scene-main.lang
2017-12-02 19:32:12,676 DEBUG [main] stencyl.sw.loc.LanguagePack: Reading... lang\en\editor-scene-create.lang
2017-12-02 19:32:12,680 DEBUG [main] stencyl.sw.loc.LanguagePack: Reading... lang\en\editor-scene-tools.lang
2017-12-02 19:32:12,680 DEBUG [main] stencyl.sw.loc.LanguagePack: Reading... lang\en\global-phrases.lang
2017-12-02 19:32:12,680 DEBUG [main] stencyl.sw.loc.LanguagePack: Reading... lang\en\global-errors.lang
2017-12-02 19:32:12,680 DEBUG [main] stencyl.sw.loc.LanguagePack: Reading... lang\en\global-menu.lang
2017-12-02 19:32:12,680 DEBUG [main] stencyl.sw.loc.LanguagePack: Reading... lang\en\global-welcome.lang
2017-12-02 19:32:12,680 DEBUG [main] stencyl.sw.loc.LanguagePack: Reading... lang\en\global-dashboard.lang
2017-12-02 19:32:12,684 DEBUG [main] stencyl.sw.loc.LanguagePack: Reading... lang\en\global-publish.lang
2017-12-02 19:32:12,684 DEBUG [main] stencyl.sw.loc.LanguagePack: Reading... lang\en\global-updater.lang
2017-12-02 19:32:12,684 DEBUG [main] stencyl.sw.loc.LanguagePack: Reading... lang\en\global-chat.lang
2017-12-02 19:32:12,684 DEBUG [main] stencyl.sw.loc.LanguagePack: Reading... lang\en\global-misc.lang
2017-12-02 19:32:12,688 DEBUG [main] stencyl.sw.loc.LanguagePack: Reading... lang\en\global-forge.lang
2017-12-02 19:32:12,688 DEBUG [main] stencyl.sw.loc.LanguagePack: Reading... lang\en\global-prefs.lang
2017-12-02 19:32:12,688 DEBUG [main] stencyl.sw.loc.LanguagePack: Reading... lang\en\global-creategame.lang
2017-12-02 19:32:12,688 DEBUG [main] stencyl.sw.loc.LanguagePack: Reading... lang\en\behavior-main.lang
2017-12-02 19:32:12,688 DEBUG [main] stencyl.sw.loc.LanguagePack: Reading... lang\en\behavior-blocks.lang
2017-12-02 19:32:12,692 DEBUG [main] stencyl.sw.loc.LanguagePack: Reading... lang\en\behavior-blockhelp.lang
2017-12-02 19:32:12,696 DEBUG [main] stencyl.sw.loc.LanguagePack: Reading... lang\en\behavior-events.lang
2017-12-02 19:32:12,696 DEBUG [main] stencyl.sw.loc.LanguagePack: Reading... lang\en\behavior-code.lang
2017-12-02 19:32:12,696 DEBUG [main] stencyl.sw.loc.LanguagePack: Reading... lang\en\behavior-attributes.lang
2017-12-02 19:32:12,696 DEBUG [main] stencyl.sw.loc.LanguagePack: Reading... lang\en\behavior-create.lang
2017-12-02 19:32:12,700 DEBUG [main] stencyl.sw.loc.LanguagePack: Reading... lang\en\behavior-byob.lang
2017-12-02 19:32:12,700 DEBUG [main] stencyl.sw.loc.LanguagePack: Reading... lang\en\editor-actor-main.lang
2017-12-02 19:32:12,700 DEBUG [main] stencyl.sw.loc.LanguagePack: Reading... lang\en\editor-actor-physics.lang
2017-12-02 19:32:12,700 DEBUG [main] stencyl.sw.loc.LanguagePack: Reading... lang\en\editor-background.lang
2017-12-02 19:32:12,700 DEBUG [main] stencyl.sw.loc.LanguagePack: Reading... lang\en\editor-behaviorchooser.lang
2017-12-02 19:32:12,700 DEBUG [main] stencyl.sw.loc.LanguagePack: Reading... lang\en\editor-desktop.lang
2017-12-02 19:32:12,704 DEBUG [main] stencyl.sw.loc.LanguagePack: Reading... lang\en\editor-font.lang
2017-12-02 19:32:12,704 DEBUG [main] stencyl.sw.loc.LanguagePack: Reading... lang\en\editor-sound.lang
2017-12-02 19:32:12,704 DEBUG [main] stencyl.sw.loc.LanguagePack: Reading... lang\en\editor-tileset.lang
2017-12-02 19:32:12,704 DEBUG [main] stencyl.sw.loc.LanguagePack: Reading... lang\en\editor-preloader.lang
2017-12-02 19:32:12,708 DEBUG [main] stencyl.sw.loc.LanguagePack: Reading... lang\en\editor-mobile.lang
2017-12-02 19:32:12,708 DEBUG [main] stencyl.sw.loc.LanguagePack: Reading... lang\en\editor-groups.lang
2017-12-02 19:32:12,708 DEBUG [main] stencyl.sw.loc.LanguagePack: Reading... lang\en\editor-attributes.lang
2017-12-02 19:32:12,708 DEBUG [main] stencyl.sw.loc.LanguagePack: Reading... lang\en\editor-input.lang
2017-12-02 19:32:12,708 DEBUG [main] stencyl.sw.loc.LanguagePack: Reading... lang\en\editor-animation.lang
2017-12-02 19:32:12,708 DEBUG [main] stencyl.sw.loc.LanguagePack: Reading... lang\en\editor-scene-main.lang
2017-12-02 19:32:12,708 DEBUG [main] stencyl.sw.loc.LanguagePack: Reading... lang\en\editor-scene-create.lang
2017-12-02 19:32:12,708 DEBUG [main] stencyl.sw.loc.LanguagePack: Reading... lang\en\editor-scene-tools.lang
2017-12-02 19:32:12,712 INFO  [AWT-EventQueue-0] stencyl.sw.SW: Initializing Stencyl.
2017-12-02 19:32:12,716 DEBUG [AWT-EventQueue-0] stencyl.sw.Splash: Set Splash message: Look
2017-12-02 19:32:13,612 INFO  [AWT-EventQueue-0] stencyl.sw.ext.ExtensionDependencyManager: Extension Dependencies: {TOOLSET={}, HAXELIB={console=haxelib-console-1.0.0, polygonal-printf=haxelib-polygonal-printf-1.0.0.beta, stencyl-cppia=haxelib-stencyl-cppia-1.0.0, hxcpp=haxelib-hxcpp-3.2.0, swf=haxelib-swf-1.7.4, box2d=haxelib-box2d-1.11.0, svg=haxelib-svg-1.0.8, lime=haxelib-lime-2.9.1, format=haxelib-format-3.1.2, actuate=haxelib-actuate-1.8.6, stencyl=haxelib-stencyl-1.0.0, layout=haxelib-layout-1.1.0, hxtelemetry=haxelib-hxtelemetry-0.3.1, openfl=haxelib-openfl-3.6.1, tilelayer=haxelib-tilelayer-0.2.1, polygonal-ds=haxelib-polygonal-ds-1.4.1, box2d-fake=haxelib-box2d-fake-1.11.0}, STENCYL={=stencyl--3.4.0.beta4}, JAVA={=java--1.8.0}, ENGINE={}}
2017-12-02 19:32:13,616 DEBUG [AWT-EventQueue-0] stencyl.sw.util.FileHelper: Matching (non-hidden) files within C:\sundae_factory\ld40\stencylworks\extensions: []
2017-12-02 19:32:13,620 DEBUG [AWT-EventQueue-0] stencyl.sw.util.FileHelper: Matching (non-hidden) files within C:\sundae_factory\ld40\stencylworks\extensions: []
2017-12-02 19:32:13,620 DEBUG [AWT-EventQueue-0] stencyl.sw.editors.game.advanced.EngineExtensionManager: Loading engine extensions...
2017-12-02 19:32:13,620 DEBUG [AWT-EventQueue-0] stencyl.sw.util.FileHelper: Directories within C:\sundae_factory\ld40\stencylworks\engine-extensions: []
2017-12-02 19:32:13,620 INFO  [AWT-EventQueue-0] stencyl.sw.editors.game.advanced.EngineExtensionManager: Engine Extensions: []
2017-12-02 19:32:13,620 INFO  [AWT-EventQueue-0] stencyl.sw.app.ExtensionManager: Toolset Extensions: []
2017-12-02 19:32:13,880 DEBUG [AWT-EventQueue-0] stencyl.sw.app.doc.Workspace: Activated: Welcome Center
2017-12-02 19:32:13,884 DEBUG [AWT-EventQueue-0] stencyl.sw.app.App: Silent Authentication.
2017-12-02 19:32:13,900 DEBUG [AWT-EventQueue-0] stencyl.sw.Splash: Dispose Splash
2017-12-02 19:32:14,348 DEBUG [pool-1-thread-1] stencyl.sw.app.tasks.AuthenticateTask: Response: user:::plans2
2017-12-02 19:32:14,349 DEBUG [pool-1-thread-1] stencyl.sw.util.FileHelper: Deleting: C:\sundae_factory\ld40\stencylworks\prefs\auth.txt
2017-12-02 19:32:14,352 INFO  [pool-1-thread-1] stencyl.sw.app.tasks.AuthenticateTask: Logged in as: jol
2017-12-02 19:32:14,357 INFO  [pool-1-thread-1] stencyl.sw.app.tasks.AuthenticateTask: Usergroup: Registered
2017-12-02 19:32:14,860 DEBUG [pool-1-thread-1] stencyl.sw.app.tasks.AuthenticateTask: 200
2017-12-02 19:32:16,452 INFO  [AWT-EventQueue-0] stencyl.sw.app.App: Attempting to quit out of Stencyl.
2017-12-02 19:32:16,455 DEBUG [AWT-EventQueue-0] stencyl.sw.util.Util: Running command: [taskkill, /im, neko.exe, /f]
2017-12-02 19:32:16,548 OFF   [Thread-7] stencyl.sw.util.StreamGobbler: [taskkill] Erreurÿ: le processus "neko.exe" est introuvable.
2017-12-02 19:32:16,553 DEBUG [AWT-EventQueue-0] stencyl.sw.util.Util: Process 'taskkill' exited with code: 128
2017-12-02 19:32:16,553 DEBUG [AWT-EventQueue-0] stencyl.sw.util.Util: Running command: [taskkill, /im, adb.exe, /f]
2017-12-02 19:32:16,645 OFF   [Thread-8] stencyl.sw.util.StreamGobbler: [taskkill] Erreurÿ: le processus "adb.exe" est introuvable.
2017-12-02 19:32:16,650 DEBUG [AWT-EventQueue-0] stencyl.sw.util.Util: Process 'taskkill' exited with code: 128
2017-12-02 19:32:16,651 DEBUG [AWT-EventQueue-0] stencyl.sw.util.Util: Running command: [taskkill, /im, arm-linux-androideabi-g++.exe, /f]
2017-12-02 19:32:16,745 OFF   [Thread-9] stencyl.sw.util.StreamGobbler: [taskkill] Erreurÿ: le processus "arm-linux-androideabi-g++.exe" est introuvable.
2017-12-02 19:32:16,750 DEBUG [AWT-EventQueue-0] stencyl.sw.util.Util: Process 'taskkill' exited with code: 128
2017-12-02 19:32:16,750 DEBUG [AWT-EventQueue-0] stencyl.sw.util.Util: Running command: [taskkill, /im, cc1plus.exe, /f]
2017-12-02 19:32:16,845 OFF   [Thread-10] stencyl.sw.util.StreamGobbler: [taskkill] Erreurÿ: le processus "cc1plus.exe" est introuvable.
2017-12-02 19:32:16,850 DEBUG [AWT-EventQueue-0] stencyl.sw.util.Util: Process 'taskkill' exited with code: 128
2017-12-02 19:32:16,850 DEBUG [AWT-EventQueue-0] stencyl.sw.util.Util: Running command: [taskkill, /im, tail.exe, /f]
2017-12-02 19:32:16,942 OFF   [Thread-11] stencyl.sw.util.StreamGobbler: [taskkill] Erreurÿ: le processus "tail.exe" est introuvable.
2017-12-02 19:32:16,948 DEBUG [AWT-EventQueue-0] stencyl.sw.util.Util: Process 'taskkill' exited with code: 128
2017-12-02 19:32:16,948 DEBUG [AWT-EventQueue-0] stencyl.sw.util.Util: Running command: [taskkill, /im, ios-sim.exe, /f]
2017-12-02 19:32:17,036 OFF   [Thread-12] stencyl.sw.util.StreamGobbler: [taskkill] Erreurÿ: le processus "ios-sim.exe" est introuvable.
2017-12-02 19:32:17,044 DEBUG [AWT-EventQueue-0] stencyl.sw.util.Util: Process 'taskkill' exited with code: 128
2017-12-02 19:32:17,044 DEBUG [AWT-EventQueue-0] stencyl.sw.app.App: Destroying extensions.
2017-12-02 19:32:17,045 DEBUG [AWT-EventQueue-0] stencyl.sw.app.App: Performing final close.
2017-12-02 19:32:17,047 INFO  [AWT-EventQueue-0] stencyl.sw.app.App: Exiting...
2017-12-02 19:32:17,047 DEBUG [AWT-EventQueue-0] stencyl.sw.app.App: Destroying Temporary Sandbox.
2017-12-02 19:32:17,047 DEBUG [AWT-EventQueue-0] stencyl.sw.util.FileHelper: Deleting: C:\Users\Ludovic\AppData\Local\Temp\stencyl4247417522909474440
