2017-12-03 09:49:55,417 INFO  [main] stencyl.sw.Session: Logfile: C:\sundae_factory\ld40\stencylworks\logs\2017-12-03_09-49-55.log
2017-12-03 09:49:55,417 INFO  [main] stencyl.sw.Session: OS Name: Windows 10
2017-12-03 09:49:55,417 INFO  [main] stencyl.sw.Session: OS Version: 10.0 (64-bit)
2017-12-03 09:49:55,417 INFO  [main] stencyl.sw.Session: Java Version: 1.8.0_60
2017-12-03 09:49:55,417 INFO  [main] stencyl.sw.Session: Java Home Environment Variable (JAVA_HOME): not set
2017-12-03 09:49:55,417 INFO  [main] stencyl.sw.Session: Stencyl Version: 3.4.0.beta4 (b9300)
2017-12-03 09:49:55,417 INFO  [main] stencyl.sw.Session: Stencyl Workspace: C:\sundae_factory\ld40\
2017-12-03 09:49:55,417 INFO  [main] stencyl.sw.Session: User Working Directory: C:\Program Files (x86)\Stencyl
2017-12-03 09:49:55,417 INFO  [main] stencyl.sw.Session: User Home Directory: C:\Users\Ludovic
2017-12-03 09:49:55,417 INFO  [main] stencyl.sw.Session: System Path: C:\ProgramData\Oracle\Java\javapath;C:\WINDOWS\system32;C:\WINDOWS;C:\WINDOWS\System32\Wbem;C:\WINDOWS\System32\WindowsPowerShell\v1.0\;C:\Program Files\TortoiseSVN\bin;C:\Program Files\TortoiseGit\bin;C:\Program Files (x86)\GtkSharp\2.12\bin;C:\Program Files (x86)\Windows Kits\8.1\Windows Performance Toolkit\;C:\Users\Ludovic\AppData\Local\Microsoft\WindowsApps;;C:\Program Files (x86)\Stencyl\runtimes\jre-win\bin
2017-12-03 09:49:55,526 DEBUG [main] stencyl.sw.util.FileHelper: Deleting: C:\Users\Ludovic\AppData\Local\Temp\stencyl8803392977050432364
2017-12-03 09:49:55,526 DEBUG [main] stencyl.sw.loc.LanguagePack: Reading... lang\en\global-phrases.lang
2017-12-03 09:49:55,526 DEBUG [main] stencyl.sw.loc.LanguagePack: Reading... lang\en\global-errors.lang
2017-12-03 09:49:55,526 DEBUG [main] stencyl.sw.loc.LanguagePack: Reading... lang\en\global-menu.lang
2017-12-03 09:49:55,526 DEBUG [main] stencyl.sw.loc.LanguagePack: Reading... lang\en\global-welcome.lang
2017-12-03 09:49:55,526 DEBUG [main] stencyl.sw.loc.LanguagePack: Reading... lang\en\global-dashboard.lang
2017-12-03 09:49:55,526 DEBUG [main] stencyl.sw.loc.LanguagePack: Reading... lang\en\global-publish.lang
2017-12-03 09:49:55,542 DEBUG [main] stencyl.sw.loc.LanguagePack: Reading... lang\en\global-updater.lang
2017-12-03 09:49:55,542 DEBUG [main] stencyl.sw.loc.LanguagePack: Reading... lang\en\global-chat.lang
2017-12-03 09:49:55,542 DEBUG [main] stencyl.sw.loc.LanguagePack: Reading... lang\en\global-misc.lang
2017-12-03 09:49:55,542 DEBUG [main] stencyl.sw.loc.LanguagePack: Reading... lang\en\global-forge.lang
2017-12-03 09:49:55,542 DEBUG [main] stencyl.sw.loc.LanguagePack: Reading... lang\en\global-prefs.lang
2017-12-03 09:49:55,542 DEBUG [main] stencyl.sw.loc.LanguagePack: Reading... lang\en\global-creategame.lang
2017-12-03 09:49:55,542 DEBUG [main] stencyl.sw.loc.LanguagePack: Reading... lang\en\behavior-main.lang
2017-12-03 09:49:55,542 DEBUG [main] stencyl.sw.loc.LanguagePack: Reading... lang\en\behavior-blocks.lang
2017-12-03 09:49:55,557 DEBUG [main] stencyl.sw.loc.LanguagePack: Reading... lang\en\behavior-blockhelp.lang
2017-12-03 09:49:55,557 DEBUG [main] stencyl.sw.loc.LanguagePack: Reading... lang\en\behavior-events.lang
2017-12-03 09:49:55,557 DEBUG [main] stencyl.sw.loc.LanguagePack: Reading... lang\en\behavior-code.lang
2017-12-03 09:49:55,557 DEBUG [main] stencyl.sw.loc.LanguagePack: Reading... lang\en\behavior-attributes.lang
2017-12-03 09:49:55,557 DEBUG [main] stencyl.sw.loc.LanguagePack: Reading... lang\en\behavior-create.lang
2017-12-03 09:49:55,557 DEBUG [main] stencyl.sw.loc.LanguagePack: Reading... lang\en\behavior-byob.lang
2017-12-03 09:49:55,557 DEBUG [main] stencyl.sw.loc.LanguagePack: Reading... lang\en\editor-actor-main.lang
2017-12-03 09:49:55,557 DEBUG [main] stencyl.sw.loc.LanguagePack: Reading... lang\en\editor-actor-physics.lang
2017-12-03 09:49:55,557 DEBUG [main] stencyl.sw.loc.LanguagePack: Reading... lang\en\editor-background.lang
2017-12-03 09:49:55,573 DEBUG [main] stencyl.sw.loc.LanguagePack: Reading... lang\en\editor-behaviorchooser.lang
2017-12-03 09:49:55,573 DEBUG [main] stencyl.sw.loc.LanguagePack: Reading... lang\en\editor-desktop.lang
2017-12-03 09:49:55,573 DEBUG [main] stencyl.sw.loc.LanguagePack: Reading... lang\en\editor-font.lang
2017-12-03 09:49:55,573 DEBUG [main] stencyl.sw.loc.LanguagePack: Reading... lang\en\editor-sound.lang
2017-12-03 09:49:55,573 DEBUG [main] stencyl.sw.loc.LanguagePack: Reading... lang\en\editor-tileset.lang
2017-12-03 09:49:55,573 DEBUG [main] stencyl.sw.loc.LanguagePack: Reading... lang\en\editor-preloader.lang
2017-12-03 09:49:55,573 DEBUG [main] stencyl.sw.loc.LanguagePack: Reading... lang\en\editor-mobile.lang
2017-12-03 09:49:55,573 DEBUG [main] stencyl.sw.loc.LanguagePack: Reading... lang\en\editor-groups.lang
2017-12-03 09:49:55,573 DEBUG [main] stencyl.sw.loc.LanguagePack: Reading... lang\en\editor-attributes.lang
2017-12-03 09:49:55,573 DEBUG [main] stencyl.sw.loc.LanguagePack: Reading... lang\en\editor-input.lang
2017-12-03 09:49:55,573 DEBUG [main] stencyl.sw.loc.LanguagePack: Reading... lang\en\editor-animation.lang
2017-12-03 09:49:55,573 DEBUG [main] stencyl.sw.loc.LanguagePack: Reading... lang\en\editor-scene-main.lang
2017-12-03 09:49:55,573 DEBUG [main] stencyl.sw.loc.LanguagePack: Reading... lang\en\editor-scene-create.lang
2017-12-03 09:49:55,573 DEBUG [main] stencyl.sw.loc.LanguagePack: Reading... lang\en\editor-scene-tools.lang
2017-12-03 09:49:55,573 DEBUG [main] stencyl.sw.loc.LanguagePack: Reading... lang\en\global-phrases.lang
2017-12-03 09:49:55,573 DEBUG [main] stencyl.sw.loc.LanguagePack: Reading... lang\en\global-errors.lang
2017-12-03 09:49:55,573 DEBUG [main] stencyl.sw.loc.LanguagePack: Reading... lang\en\global-menu.lang
2017-12-03 09:49:55,573 DEBUG [main] stencyl.sw.loc.LanguagePack: Reading... lang\en\global-welcome.lang
2017-12-03 09:49:55,573 DEBUG [main] stencyl.sw.loc.LanguagePack: Reading... lang\en\global-dashboard.lang
2017-12-03 09:49:55,573 DEBUG [main] stencyl.sw.loc.LanguagePack: Reading... lang\en\global-publish.lang
2017-12-03 09:49:55,573 DEBUG [main] stencyl.sw.loc.LanguagePack: Reading... lang\en\global-updater.lang
2017-12-03 09:49:55,573 DEBUG [main] stencyl.sw.loc.LanguagePack: Reading... lang\en\global-chat.lang
2017-12-03 09:49:55,573 DEBUG [main] stencyl.sw.loc.LanguagePack: Reading... lang\en\global-misc.lang
2017-12-03 09:49:55,573 DEBUG [main] stencyl.sw.loc.LanguagePack: Reading... lang\en\global-forge.lang
2017-12-03 09:49:55,573 DEBUG [main] stencyl.sw.loc.LanguagePack: Reading... lang\en\global-prefs.lang
2017-12-03 09:49:55,573 DEBUG [main] stencyl.sw.loc.LanguagePack: Reading... lang\en\global-creategame.lang
2017-12-03 09:49:55,573 DEBUG [main] stencyl.sw.loc.LanguagePack: Reading... lang\en\behavior-main.lang
2017-12-03 09:49:55,573 DEBUG [main] stencyl.sw.loc.LanguagePack: Reading... lang\en\behavior-blocks.lang
2017-12-03 09:49:55,589 DEBUG [main] stencyl.sw.loc.LanguagePack: Reading... lang\en\behavior-blockhelp.lang
2017-12-03 09:49:55,589 DEBUG [main] stencyl.sw.loc.LanguagePack: Reading... lang\en\behavior-events.lang
2017-12-03 09:49:55,589 DEBUG [main] stencyl.sw.loc.LanguagePack: Reading... lang\en\behavior-code.lang
2017-12-03 09:49:55,589 DEBUG [main] stencyl.sw.loc.LanguagePack: Reading... lang\en\behavior-attributes.lang
2017-12-03 09:49:55,589 DEBUG [main] stencyl.sw.loc.LanguagePack: Reading... lang\en\behavior-create.lang
2017-12-03 09:49:55,589 DEBUG [main] stencyl.sw.loc.LanguagePack: Reading... lang\en\behavior-byob.lang
2017-12-03 09:49:55,589 DEBUG [main] stencyl.sw.loc.LanguagePack: Reading... lang\en\editor-actor-main.lang
2017-12-03 09:49:55,589 DEBUG [main] stencyl.sw.loc.LanguagePack: Reading... lang\en\editor-actor-physics.lang
2017-12-03 09:49:55,589 DEBUG [main] stencyl.sw.loc.LanguagePack: Reading... lang\en\editor-background.lang
2017-12-03 09:49:55,589 DEBUG [main] stencyl.sw.loc.LanguagePack: Reading... lang\en\editor-behaviorchooser.lang
2017-12-03 09:49:55,589 DEBUG [main] stencyl.sw.loc.LanguagePack: Reading... lang\en\editor-desktop.lang
2017-12-03 09:49:55,589 DEBUG [main] stencyl.sw.loc.LanguagePack: Reading... lang\en\editor-font.lang
2017-12-03 09:49:55,589 DEBUG [main] stencyl.sw.loc.LanguagePack: Reading... lang\en\editor-sound.lang
2017-12-03 09:49:55,589 DEBUG [main] stencyl.sw.loc.LanguagePack: Reading... lang\en\editor-tileset.lang
2017-12-03 09:49:55,589 DEBUG [main] stencyl.sw.loc.LanguagePack: Reading... lang\en\editor-preloader.lang
2017-12-03 09:49:55,589 DEBUG [main] stencyl.sw.loc.LanguagePack: Reading... lang\en\editor-mobile.lang
2017-12-03 09:49:55,589 DEBUG [main] stencyl.sw.loc.LanguagePack: Reading... lang\en\editor-groups.lang
2017-12-03 09:49:55,589 DEBUG [main] stencyl.sw.loc.LanguagePack: Reading... lang\en\editor-attributes.lang
2017-12-03 09:49:55,589 DEBUG [main] stencyl.sw.loc.LanguagePack: Reading... lang\en\editor-input.lang
2017-12-03 09:49:55,589 DEBUG [main] stencyl.sw.loc.LanguagePack: Reading... lang\en\editor-animation.lang
2017-12-03 09:49:55,589 DEBUG [main] stencyl.sw.loc.LanguagePack: Reading... lang\en\editor-scene-main.lang
2017-12-03 09:49:55,589 DEBUG [main] stencyl.sw.loc.LanguagePack: Reading... lang\en\editor-scene-create.lang
2017-12-03 09:49:55,589 DEBUG [main] stencyl.sw.loc.LanguagePack: Reading... lang\en\editor-scene-tools.lang
2017-12-03 09:49:55,589 INFO  [AWT-EventQueue-0] stencyl.sw.SW: Initializing Stencyl.
2017-12-03 09:49:55,604 DEBUG [AWT-EventQueue-0] stencyl.sw.Splash: Set Splash message: Look
2017-12-03 09:49:57,057 INFO  [AWT-EventQueue-0] stencyl.sw.ext.ExtensionDependencyManager: Extension Dependencies: {HAXELIB={console=haxelib-console-1.0.0, polygonal-printf=haxelib-polygonal-printf-1.0.0.beta, stencyl-cppia=haxelib-stencyl-cppia-1.0.0, hxcpp=haxelib-hxcpp-3.2.0, swf=haxelib-swf-1.7.4, box2d=haxelib-box2d-1.11.0, svg=haxelib-svg-1.0.8, lime=haxelib-lime-2.9.1, format=haxelib-format-3.1.2, actuate=haxelib-actuate-1.8.6, stencyl=haxelib-stencyl-1.0.0, layout=haxelib-layout-1.1.0, hxtelemetry=haxelib-hxtelemetry-0.3.1, openfl=haxelib-openfl-3.6.1, tilelayer=haxelib-tilelayer-0.2.1, polygonal-ds=haxelib-polygonal-ds-1.4.1, box2d-fake=haxelib-box2d-fake-1.11.0}, JAVA={=java--1.8.0}, TOOLSET={}, ENGINE={}, STENCYL={=stencyl--3.4.0.beta4}}
2017-12-03 09:49:57,073 DEBUG [AWT-EventQueue-0] stencyl.sw.util.FileHelper: Matching (non-hidden) files within C:\sundae_factory\ld40\stencylworks\extensions: []
2017-12-03 09:49:57,073 DEBUG [AWT-EventQueue-0] stencyl.sw.util.FileHelper: Matching (non-hidden) files within C:\sundae_factory\ld40\stencylworks\extensions: []
2017-12-03 09:49:57,073 DEBUG [AWT-EventQueue-0] stencyl.sw.editors.game.advanced.EngineExtensionManager: Loading engine extensions...
2017-12-03 09:49:57,073 DEBUG [AWT-EventQueue-0] stencyl.sw.util.FileHelper: Directories within C:\sundae_factory\ld40\stencylworks\engine-extensions: []
2017-12-03 09:49:57,073 INFO  [AWT-EventQueue-0] stencyl.sw.editors.game.advanced.EngineExtensionManager: Engine Extensions: []
2017-12-03 09:49:57,073 INFO  [AWT-EventQueue-0] stencyl.sw.app.ExtensionManager: Toolset Extensions: []
2017-12-03 09:49:57,104 DEBUG [AWT-EventQueue-0] stencyl.sw.SW: Maximized frame.
2017-12-03 09:49:57,339 DEBUG [AWT-EventQueue-0] stencyl.sw.app.doc.Workspace: Activated: Welcome Center
2017-12-03 09:49:57,354 DEBUG [AWT-EventQueue-0] stencyl.sw.app.App: Silent Authentication.
2017-12-03 09:49:57,354 DEBUG [AWT-EventQueue-0] stencyl.sw.Splash: Dispose Splash
2017-12-03 09:49:57,967 DEBUG [pool-1-thread-1] stencyl.sw.app.tasks.AuthenticateTask: Response: user:::plans2
2017-12-03 09:49:57,967 DEBUG [pool-1-thread-1] stencyl.sw.util.FileHelper: Deleting: C:\sundae_factory\ld40\stencylworks\prefs\auth.txt
2017-12-03 09:49:57,982 INFO  [pool-1-thread-1] stencyl.sw.app.tasks.AuthenticateTask: Logged in as: jol
2017-12-03 09:49:57,982 INFO  [pool-1-thread-1] stencyl.sw.app.tasks.AuthenticateTask: Usergroup: Registered
2017-12-03 09:49:58,967 DEBUG [pool-1-thread-1] stencyl.sw.app.tasks.AuthenticateTask: 200
2017-12-03 09:50:01,401 DEBUG [AWT-EventQueue-0] stencyl.sw.util.FileHelper: Deleting: C:\Users\Ludovic\AppData\Local\Temp\stencyl8803392977050432364\sandbox\test\temp
2017-12-03 09:50:01,417 DEBUG [AWT-EventQueue-0] stencyl.sw.util.FileHelper: Deleting: C:\sundae_factory\ld40\stencylworks\preview\scripts
2017-12-03 09:50:01,432 DEBUG [AWT-EventQueue-0] stencyl.sw.util.FileHelper: Deleting: C:\sundae_factory\ld40\stencylworks\preview\game
2017-12-03 09:50:01,432 INFO  [AWT-EventQueue-0] stencyl.sw.app.tasks.OpenGameTask: Opening game: ld40_release2
2017-12-03 09:50:01,464 DEBUG [pool-1-thread-1] stencyl.core.lib.Game: Loading scene-specific snippet. SceneID: 0
2017-12-03 09:50:01,479 DEBUG [pool-1-thread-1] stencyl.core.lib.Game: Loading actor-specific snippet. ActorID: 4
2017-12-03 09:50:01,479 DEBUG [pool-1-thread-1] stencyl.core.lib.Game: Loading actor-specific snippet. ActorID: 6
2017-12-03 09:50:01,479 DEBUG [pool-1-thread-1] stencyl.core.lib.Game: Loading actor-specific snippet. ActorID: 8
2017-12-03 09:50:01,495 DEBUG [pool-1-thread-1] stencyl.core.lib.ResourceList: Initializing... 3 : decor
2017-12-03 09:50:01,526 DEBUG [pool-1-thread-1] stencyl.core.lib.ResourceList: Initializing... 4 : player
2017-12-03 09:50:01,526 DEBUG [pool-1-thread-1] stencyl.core.lib.ResourceList: Initializing... 5 : player
2017-12-03 09:50:01,557 DEBUG [pool-1-thread-1] stencyl.core.lib.ResourceList: Initializing... 6 : room
2017-12-03 09:50:01,557 DEBUG [pool-1-thread-1] stencyl.core.lib.ResourceList: Initializing... 7 : room
2017-12-03 09:50:01,557 DEBUG [pool-1-thread-1] stencyl.core.lib.ResourceList: Initializing... 8 : saut
2017-12-03 09:50:01,557 DEBUG [pool-1-thread-1] stencyl.core.lib.ResourceList: Initializing... 9 : saut
2017-12-03 09:50:01,636 DEBUG [AWT-EventQueue-0] stencyl.core.lib.io.read.SceneReader: Reading header for Scene: 0 (level1) from: scenes\0.xml
2017-12-03 09:50:01,651 DEBUG [AWT-EventQueue-0] stencyl.core.lib.io.read.SceneReader: Reading header for Scene: 0 (level1) from: scenes\0.xml
2017-12-03 09:50:01,761 DEBUG [AWT-EventQueue-0] stencyl.sw.app.doc.Workspace: Activated: Dashboard
2017-12-03 09:50:01,761 DEBUG [AWT-EventQueue-0] stencyl.sw.util.FileHelper: Trying to delete file that does not exist: C:\Users\Ludovic\AppData\Local\Temp\stencyl8803392977050432364\sandbox\build\code
2017-12-03 09:50:01,761 DEBUG [AWT-EventQueue-0] stencyl.sw.util.FileHelper: Deleting: C:\Users\Ludovic\AppData\Local\Temp\stencyl8803392977050432364\sandbox\test\temp
2017-12-03 09:50:01,776 DEBUG [AWT-EventQueue-0] stencyl.core.lib.io.read.SceneReader: Reading header for Scene: 0 (level1) from: scenes\0.xml
2017-12-03 09:50:01,854 DEBUG [AWT-EventQueue-0] stencyl.sw.app.tasks.OpenGameTask: Took 422ms
2017-12-03 09:50:02,354 DEBUG [AWT-EventQueue-0] stencyl.sw.editors.game.cgroups.CollisionGroupTree: Loading actor group into tree: Actors
2017-12-03 09:50:02,386 DEBUG [AWT-EventQueue-0] stencyl.sw.editors.game.cgroups.CollisionGroupTree: Loading actor group into tree: Doodads
2017-12-03 09:50:02,386 DEBUG [AWT-EventQueue-0] stencyl.sw.editors.game.cgroups.CollisionGroupTree: Loading actor group into tree: Players
2017-12-03 09:50:02,401 DEBUG [AWT-EventQueue-0] stencyl.sw.editors.game.cgroups.CollisionGroupTree: Loading actor group into tree: Regions
2017-12-03 09:50:02,401 DEBUG [AWT-EventQueue-0] stencyl.sw.editors.game.cgroups.CollisionGroupTree: Loading actor group into tree: Tiles
2017-12-03 09:50:02,417 DEBUG [AWT-EventQueue-0] stencyl.sw.editors.game.cgroups.CollisionGroupTree: Loading actor group into tree: Room
2017-12-03 09:50:03,073 DEBUG [AWT-EventQueue-0] stencyl.core.lib.Atlas: Getting memory for atlas 0
2017-12-03 09:50:03,073 DEBUG [AWT-EventQueue-0] stencyl.core.lib.Atlas: Added resource 'decor' to atlas 0
2017-12-03 09:50:03,073 DEBUG [AWT-EventQueue-0] stencyl.core.lib.Atlas: Added resource 'player' to atlas 0
2017-12-03 09:50:03,073 DEBUG [AWT-EventQueue-0] stencyl.core.lib.Atlas: Added resource 'room' to atlas 0
2017-12-03 09:50:03,073 DEBUG [AWT-EventQueue-0] stencyl.core.lib.Atlas: Added resource 'saut' to atlas 0
2017-12-03 09:50:03,089 DEBUG [AWT-EventQueue-0] stencyl.core.lib.Atlas: Getting memory for atlas 1
2017-12-03 09:50:03,089 DEBUG [AWT-EventQueue-0] stencyl.core.lib.Atlas: Getting memory for atlas 2
2017-12-03 09:50:03,089 DEBUG [AWT-EventQueue-0] stencyl.core.lib.Atlas: Getting memory for atlas 3
2017-12-03 09:50:03,120 DEBUG [AWT-EventQueue-0] stencyl.core.lib.io.read.SceneReader: Reading header for Scene: 0 (level1) from: scenes\0.xml
2017-12-03 09:50:03,229 DEBUG [AWT-EventQueue-0] stencyl.sw.editors.game.cgroups.CollisionGroupTree: Loading actor group into tree: Actors
2017-12-03 09:50:03,245 DEBUG [AWT-EventQueue-0] stencyl.sw.editors.game.cgroups.CollisionGroupTree: Loading actor group into tree: Doodads
2017-12-03 09:50:03,245 DEBUG [AWT-EventQueue-0] stencyl.sw.editors.game.cgroups.CollisionGroupTree: Loading actor group into tree: Players
2017-12-03 09:50:03,245 DEBUG [AWT-EventQueue-0] stencyl.sw.editors.game.cgroups.CollisionGroupTree: Loading actor group into tree: Regions
2017-12-03 09:50:03,245 DEBUG [AWT-EventQueue-0] stencyl.sw.editors.game.cgroups.CollisionGroupTree: Loading actor group into tree: Tiles
2017-12-03 09:50:03,261 DEBUG [AWT-EventQueue-0] stencyl.sw.editors.game.cgroups.CollisionGroupTree: Loading actor group into tree: Room
2017-12-03 09:50:03,591 DEBUG [AWT-EventQueue-0] stencyl.core.lib.io.read.SceneReader: Reading header for Scene: 0 (level1) from: scenes\0.xml
2017-12-03 09:53:19,115 DEBUG [AWT-EventQueue-0] stencyl.sw.app.doc.Workspace: Loading Closed Resource: level1
2017-12-03 09:53:19,131 DEBUG [pool-1-thread-2] stencyl.core.lib.io.read.SceneReader: Reading header for Scene: 0 (level1) from: scenes\0.xml
2017-12-03 09:53:19,318 DEBUG [pool-1-thread-2] stencyl.sw.editors.scene.Designer: Brush Changed
2017-12-03 09:53:19,928 DEBUG [pool-1-thread-2] stencyl.sw.editors.snippet.designer.palette.Palette: Palette asked to refresh: Conditions
2017-12-03 09:53:19,928 DEBUG [pool-1-thread-2] stencyl.sw.editors.snippet.designer.palette.Palette: Refreshing with context [[b]0]
2017-12-03 09:53:20,240 DEBUG [pool-1-thread-2] stencyl.sw.editors.snippet.designer.palette.Palette: Palette asked to refresh: Position
2017-12-03 09:53:20,240 DEBUG [pool-1-thread-2] stencyl.sw.editors.snippet.designer.palette.Palette: Refreshing with context [[b]0]
2017-12-03 09:53:20,490 DEBUG [pool-1-thread-2] stencyl.sw.editors.snippet.designer.palette.Palette: Palette asked to refresh: Actors
2017-12-03 09:53:20,490 DEBUG [pool-1-thread-2] stencyl.sw.editors.snippet.designer.palette.Palette: Refreshing with context [[b]0]
2017-12-03 09:53:20,600 DEBUG [pool-1-thread-2] stencyl.sw.editors.snippet.designer.palette.Palette: Palette asked to refresh: Math
2017-12-03 09:53:20,600 DEBUG [pool-1-thread-2] stencyl.sw.editors.snippet.designer.palette.Palette: Refreshing with context [[b]0]
2017-12-03 09:53:20,662 DEBUG [pool-1-thread-2] stencyl.sw.editors.snippet.designer.palette.Palette: Palette asked to refresh: Getters
2017-12-03 09:53:20,662 DEBUG [pool-1-thread-2] stencyl.sw.editors.snippet.designer.palette.Palette: Refreshing with context [[b]0]
2017-12-03 09:53:20,662 DEBUG [pool-1-thread-2] stencyl.sw.editors.snippet.designer.palette.Palette: Palette asked to refresh: Getters
2017-12-03 09:53:20,662 DEBUG [pool-1-thread-2] stencyl.sw.editors.snippet.designer.palette.Palette: Refreshing with context [[b]0]
2017-12-03 09:53:20,740 DEBUG [pool-1-thread-2] stencyl.sw.editors.snippet.designer.palette.Palette: Palette asked to refresh: Keyboard & Mouse
2017-12-03 09:53:20,740 DEBUG [pool-1-thread-2] stencyl.sw.editors.snippet.designer.palette.Palette: Refreshing with context [[b]0]
2017-12-03 09:53:20,803 DEBUG [pool-1-thread-2] stencyl.sw.editors.snippet.designer.palette.Palette: Palette asked to refresh: Triggers
2017-12-03 09:53:20,803 DEBUG [pool-1-thread-2] stencyl.sw.editors.snippet.designer.palette.Palette: Refreshing with context [[b]0]
2017-12-03 09:53:20,865 DEBUG [pool-1-thread-2] stencyl.sw.editors.snippet.designer.palette.Palette: Palette asked to refresh: Web
2017-12-03 09:53:20,865 DEBUG [pool-1-thread-2] stencyl.sw.editors.snippet.designer.palette.Palette: Refreshing with context [[b]0]
2017-12-03 09:53:20,928 DEBUG [pool-1-thread-2] stencyl.sw.editors.snippet.designer.palette.Palette: Palette asked to refresh: Drawing
2017-12-03 09:53:20,928 DEBUG [pool-1-thread-2] stencyl.sw.editors.snippet.designer.palette.Palette: Refreshing with context [[b]0]
2017-12-03 09:53:21,022 DEBUG [pool-1-thread-2] stencyl.sw.editors.snippet.designer.palette.Palette: Palette asked to refresh: Images
2017-12-03 09:53:21,022 DEBUG [pool-1-thread-2] stencyl.sw.editors.snippet.designer.palette.Palette: Refreshing with context [[b]0]
2017-12-03 09:53:21,053 DEBUG [pool-1-thread-2] stencyl.sw.editors.snippet.designer.palette.Palette: Palette asked to refresh: Sounds
2017-12-03 09:53:21,053 DEBUG [pool-1-thread-2] stencyl.sw.editors.snippet.designer.palette.Palette: Refreshing with context [[b]0]
2017-12-03 09:53:21,147 DEBUG [pool-1-thread-2] stencyl.sw.editors.snippet.designer.palette.Palette: Palette asked to refresh: Basic
2017-12-03 09:53:21,147 DEBUG [pool-1-thread-2] stencyl.sw.editors.snippet.designer.palette.Palette: Refreshing with context [[b]0]
2017-12-03 09:53:21,178 DEBUG [pool-1-thread-2] stencyl.sw.editors.snippet.designer.palette.Palette: Palette asked to refresh: Custom
2017-12-03 09:53:21,178 DEBUG [pool-1-thread-2] stencyl.sw.editors.snippet.designer.palette.Palette: Refreshing with context [[b]0]
2017-12-03 09:53:21,178 DEBUG [pool-1-thread-2] stencyl.sw.editors.snippet.designer.palette.Palette: Palette asked to refresh: Extensions
2017-12-03 09:53:21,178 DEBUG [pool-1-thread-2] stencyl.sw.editors.snippet.designer.palette.Palette: Refreshing with context [[b]0]
2017-12-03 09:53:21,178 DEBUG [pool-1-thread-2] stencyl.sw.editors.snippet.designer.palette.Palette: Palette asked to refresh: Conditions
2017-12-03 09:53:21,225 DEBUG [pool-1-thread-2] stencyl.sw.editors.snippet.designer.EditArea: ContextSet for current event: []
2017-12-03 09:53:21,225 DEBUG [pool-1-thread-2] stencyl.sw.editors.snippet.designer.palette.Palette: Palette asked to refresh: Conditions
2017-12-03 09:53:21,225 DEBUG [pool-1-thread-2] stencyl.sw.editors.snippet.designer.palette.Palette: Refreshing with context []
2017-12-03 09:53:21,381 DEBUG [AWT-EventQueue-0] stencyl.sw.app.doc.Workspace: Activated: level1
2017-12-03 09:53:21,397 DEBUG [pool-1-thread-2] stencyl.sw.app.tasks.OpenResourceTask: Open Took 2282ms
2017-12-03 09:53:21,568 DEBUG [AWT-EventQueue-0] stencyl.sw.app.tasks.OpenResourceTask: Total Took 2453ms
2017-12-03 10:01:50,829 DEBUG [AWT-EventQueue-0] stencyl.sw.editors.scene.select.SelectionController: Checking if no items: null
2017-12-03 10:01:50,829 DEBUG [AWT-EventQueue-0] stencyl.sw.editors.scene.select.SelectionController: Working with Actors and/or Tiles
2017-12-03 10:01:50,829 DEBUG [AWT-EventQueue-0] stencyl.sw.editors.scene.select.SelectionController: Case 1: Select New Object (Nothing Previously Selected).
2017-12-03 10:01:50,829 DEBUG [AWT-EventQueue-0] stencyl.sw.editors.scene.select.SelectionController: Start Rubberband.
2017-12-03 10:01:51,530 DEBUG [AWT-EventQueue-0] stencyl.sw.editors.scene.select.SelectionController: End Rubberband Selection.
2017-12-03 10:01:51,745 DEBUG [AWT-EventQueue-0] stencyl.sw.editors.scene.select.SelectionController: Checking if no items: 0 
2017-12-03 10:01:51,745 DEBUG [AWT-EventQueue-0] stencyl.sw.editors.scene.select.SelectionController: Working with Actors and/or Tiles
2017-12-03 10:01:51,745 DEBUG [AWT-EventQueue-0] stencyl.sw.editors.scene.select.SelectionController: Case 1: Select New Object (Nothing Previously Selected).
2017-12-03 10:01:51,745 DEBUG [AWT-EventQueue-0] stencyl.sw.editors.scene.select.SelectionController: Start Rubberband.
2017-12-03 10:01:52,316 DEBUG [AWT-EventQueue-0] stencyl.sw.editors.scene.select.SelectionController: End Rubberband Selection.
2017-12-03 10:01:53,616 DEBUG [AWT-EventQueue-0] stencyl.sw.editors.scene.select.SelectionController: Checking if no items: 0 
2017-12-03 10:01:53,616 DEBUG [AWT-EventQueue-0] stencyl.sw.editors.scene.select.SelectionController: Working with Actors and/or Tiles
2017-12-03 10:01:53,616 DEBUG [AWT-EventQueue-0] stencyl.sw.editors.scene.select.SelectionController: Case 1: Select New Object (Nothing Previously Selected).
2017-12-03 10:01:53,616 DEBUG [AWT-EventQueue-0] stencyl.sw.editors.scene.select.SelectionController: Start Rubberband.
2017-12-03 10:01:56,370 DEBUG [AWT-EventQueue-0] stencyl.sw.editors.scene.select.SelectionController: End Rubberband Selection.
2017-12-03 10:01:56,770 DEBUG [AWT-EventQueue-0] stencyl.sw.editors.scene.select.SelectionController: Checking if no items: 0 
2017-12-03 10:01:56,770 DEBUG [AWT-EventQueue-0] stencyl.sw.editors.scene.select.SelectionController: Working with Actors and/or Tiles
2017-12-03 10:01:56,770 DEBUG [AWT-EventQueue-0] stencyl.sw.editors.scene.select.SelectionController: Case 1: Select New Object (Nothing Previously Selected).
2017-12-03 10:01:56,770 DEBUG [AWT-EventQueue-0] stencyl.sw.editors.scene.select.SelectionController: Start Rubberband.
2017-12-03 10:01:57,386 DEBUG [AWT-EventQueue-0] stencyl.sw.editors.scene.select.SelectionController: End Rubberband Selection.
2017-12-03 10:01:57,705 DEBUG [AWT-EventQueue-0] stencyl.sw.editors.scene.select.SelectionController: Checking if no items: 0 
2017-12-03 10:01:57,706 DEBUG [AWT-EventQueue-0] stencyl.sw.editors.scene.select.SelectionController: Working with Actors and/or Tiles
2017-12-03 10:01:57,706 DEBUG [AWT-EventQueue-0] stencyl.sw.editors.scene.select.SelectionController: Case 1: Select New Object (Nothing Previously Selected).
2017-12-03 10:01:57,707 DEBUG [AWT-EventQueue-0] stencyl.sw.editors.scene.select.SelectionController: Start Rubberband.
2017-12-03 10:02:00,215 DEBUG [AWT-EventQueue-0] stencyl.sw.editors.scene.select.SelectionController: End Rubberband Selection.
2017-12-03 10:02:02,649 DEBUG [AWT-EventQueue-0] stencyl.sw.editors.scene.select.SelectionController: Checking if no items: 0 
2017-12-03 10:02:02,649 DEBUG [AWT-EventQueue-0] stencyl.sw.editors.scene.select.SelectionController: Working with Actors and/or Tiles
2017-12-03 10:02:02,649 DEBUG [AWT-EventQueue-0] stencyl.sw.editors.scene.select.SelectionController: Case 1: Select New Object (Nothing Previously Selected).
2017-12-03 10:02:02,649 DEBUG [AWT-EventQueue-0] stencyl.sw.editors.scene.select.SelectionController: Start Rubberband.
2017-12-03 10:02:03,118 DEBUG [AWT-EventQueue-0] stencyl.sw.editors.scene.select.SelectionController: End Rubberband Selection.
2017-12-03 10:02:10,809 DEBUG [AWT-EventQueue-0] stencyl.sw.editors.scene.select.SelectionController: Checking if no items: 0 
2017-12-03 10:02:10,809 DEBUG [AWT-EventQueue-0] stencyl.sw.editors.scene.select.SelectionController: Working with Actors and/or Tiles
2017-12-03 10:02:10,825 DEBUG [AWT-EventQueue-0] stencyl.sw.editors.scene.select.SelectionController: Case 1: Select New Object (Nothing Previously Selected).
2017-12-03 10:02:10,825 DEBUG [AWT-EventQueue-0] stencyl.sw.editors.scene.select.SelectionController: Start Rubberband.
2017-12-03 10:02:11,411 DEBUG [AWT-EventQueue-0] stencyl.sw.editors.scene.select.SelectionController: End Rubberband Selection.
2017-12-03 10:02:21,565 DEBUG [AWT-EventQueue-0] stencyl.sw.app.doc.Workspace: Activated: Dashboard
2017-12-03 10:02:41,016 DEBUG [AWT-EventQueue-0] stencyl.sw.editors.scene.Designer: Brush Changed
2017-12-03 10:02:41,091 DEBUG [AWT-EventQueue-0] stencyl.sw.editors.scene.select.SelectionController: Deselect
2017-12-03 10:02:41,091 DEBUG [AWT-EventQueue-0] stencyl.sw.editors.scene.select.SelectionController: Clear Selection
2017-12-03 10:02:41,091 DEBUG [AWT-EventQueue-0] stencyl.sw.editors.scene.Designer: Brush Changed
2017-12-03 10:02:41,091 DEBUG [AWT-EventQueue-0] stencyl.sw.editors.scene.Designer: Brush Changed
2017-12-03 10:02:41,091 DEBUG [AWT-EventQueue-0] stencyl.sw.editors.scene.Designer: Brush Changed
2017-12-03 10:02:41,122 DEBUG [AWT-EventQueue-0] stencyl.sw.editors.scene.Designer: Brush Changed
2017-12-03 10:02:41,122 DEBUG [AWT-EventQueue-0] stencyl.sw.app.doc.Workspace: Loading Closed Resource: bocal
2017-12-03 10:02:41,385 DEBUG [pool-1-thread-3] stencyl.sw.util.NotifierHashMap: HashMapEvent [type=VALUE_ADDED, value=ActorEvents_10]
2017-12-03 10:02:41,432 DEBUG [pool-1-thread-3] stencyl.sw.editors.snippet.designer.palette.Palette: Palette asked to refresh: Conditions
2017-12-03 10:02:41,432 DEBUG [pool-1-thread-3] stencyl.sw.editors.snippet.designer.palette.Palette: Refreshing with context [[b]7]
2017-12-03 10:02:41,666 DEBUG [pool-1-thread-3] stencyl.sw.editors.snippet.designer.palette.Palette: Palette asked to refresh: Position
2017-12-03 10:02:41,666 DEBUG [pool-1-thread-3] stencyl.sw.editors.snippet.designer.palette.Palette: Refreshing with context [[b]7]
2017-12-03 10:02:41,871 DEBUG [pool-1-thread-3] stencyl.sw.editors.snippet.designer.palette.Palette: Palette asked to refresh: Actors
2017-12-03 10:02:41,871 DEBUG [pool-1-thread-3] stencyl.sw.editors.snippet.designer.palette.Palette: Refreshing with context [[b]7]
2017-12-03 10:02:41,949 DEBUG [pool-1-thread-3] stencyl.sw.editors.snippet.designer.palette.Palette: Palette asked to refresh: Math
2017-12-03 10:02:41,949 DEBUG [pool-1-thread-3] stencyl.sw.editors.snippet.designer.palette.Palette: Refreshing with context [[b]7]
2017-12-03 10:02:41,986 DEBUG [pool-1-thread-3] stencyl.sw.editors.snippet.designer.palette.Palette: Palette asked to refresh: Getters
2017-12-03 10:02:41,986 DEBUG [pool-1-thread-3] stencyl.sw.editors.snippet.designer.palette.Palette: Refreshing with context [[b]7]
2017-12-03 10:02:41,986 DEBUG [pool-1-thread-3] stencyl.sw.editors.snippet.designer.palette.Palette: Palette asked to refresh: Getters
2017-12-03 10:02:41,986 DEBUG [pool-1-thread-3] stencyl.sw.editors.snippet.designer.palette.Palette: Refreshing with context [[b]7]
2017-12-03 10:02:42,087 DEBUG [pool-1-thread-3] stencyl.sw.editors.snippet.designer.palette.Palette: Palette asked to refresh: Keyboard & Mouse
2017-12-03 10:02:42,087 DEBUG [pool-1-thread-3] stencyl.sw.editors.snippet.designer.palette.Palette: Refreshing with context [[b]7]
2017-12-03 10:02:42,149 DEBUG [pool-1-thread-3] stencyl.sw.editors.snippet.designer.palette.Palette: Palette asked to refresh: Triggers
2017-12-03 10:02:42,149 DEBUG [pool-1-thread-3] stencyl.sw.editors.snippet.designer.palette.Palette: Refreshing with context [[b]7]
2017-12-03 10:02:42,219 DEBUG [pool-1-thread-3] stencyl.sw.editors.snippet.designer.palette.Palette: Palette asked to refresh: Web
2017-12-03 10:02:42,219 DEBUG [pool-1-thread-3] stencyl.sw.editors.snippet.designer.palette.Palette: Refreshing with context [[b]7]
2017-12-03 10:02:42,271 DEBUG [pool-1-thread-3] stencyl.sw.editors.snippet.designer.palette.Palette: Palette asked to refresh: Drawing
2017-12-03 10:02:42,271 DEBUG [pool-1-thread-3] stencyl.sw.editors.snippet.designer.palette.Palette: Refreshing with context [[b]7]
2017-12-03 10:02:42,367 DEBUG [pool-1-thread-3] stencyl.sw.editors.snippet.designer.palette.Palette: Palette asked to refresh: Images
2017-12-03 10:02:42,367 DEBUG [pool-1-thread-3] stencyl.sw.editors.snippet.designer.palette.Palette: Refreshing with context [[b]7]
2017-12-03 10:02:42,387 DEBUG [pool-1-thread-3] stencyl.sw.editors.snippet.designer.palette.Palette: Palette asked to refresh: Sounds
2017-12-03 10:02:42,387 DEBUG [pool-1-thread-3] stencyl.sw.editors.snippet.designer.palette.Palette: Refreshing with context [[b]7]
2017-12-03 10:02:42,434 DEBUG [pool-1-thread-3] stencyl.sw.editors.snippet.designer.palette.Palette: Palette asked to refresh: Basic
2017-12-03 10:02:42,434 DEBUG [pool-1-thread-3] stencyl.sw.editors.snippet.designer.palette.Palette: Refreshing with context [[b]7]
2017-12-03 10:02:42,472 DEBUG [pool-1-thread-3] stencyl.sw.editors.snippet.designer.palette.Palette: Palette asked to refresh: Custom
2017-12-03 10:02:42,472 DEBUG [pool-1-thread-3] stencyl.sw.editors.snippet.designer.palette.Palette: Refreshing with context [[b]7]
2017-12-03 10:02:42,472 DEBUG [pool-1-thread-3] stencyl.sw.editors.snippet.designer.palette.Palette: Palette asked to refresh: Extensions
2017-12-03 10:02:42,472 DEBUG [pool-1-thread-3] stencyl.sw.editors.snippet.designer.palette.Palette: Refreshing with context [[b]7]
2017-12-03 10:02:42,472 DEBUG [pool-1-thread-3] stencyl.sw.editors.snippet.designer.palette.Palette: Palette asked to refresh: Conditions
2017-12-03 10:02:42,488 DEBUG [pool-1-thread-3] stencyl.sw.editors.snippet.designer.EditArea: ContextSet for current event: []
2017-12-03 10:02:42,488 DEBUG [pool-1-thread-3] stencyl.sw.editors.snippet.designer.palette.Palette: Palette asked to refresh: Conditions
2017-12-03 10:02:42,488 DEBUG [pool-1-thread-3] stencyl.sw.editors.snippet.designer.palette.Palette: Refreshing with context []
2017-12-03 10:02:42,619 DEBUG [AWT-EventQueue-0] stencyl.sw.app.doc.Workspace: Activated: bocal
2017-12-03 10:02:42,651 DEBUG [pool-1-thread-3] stencyl.sw.editors.scene.Designer: Brush Changed
2017-12-03 10:02:42,671 DEBUG [pool-1-thread-3] stencyl.sw.editors.scene.Designer: Brush Changed
2017-12-03 10:02:42,688 DEBUG [pool-1-thread-3] stencyl.sw.editors.scene.Designer: Brush Changed
2017-12-03 10:02:42,735 DEBUG [pool-1-thread-3] stencyl.core.lib.io.read.SceneReader: Reading header for Scene: 0 (level1) from: scenes\0.xml
2017-12-03 10:02:42,751 DEBUG [pool-1-thread-3] stencyl.sw.app.tasks.OpenResourceTask: Open Took 1629ms
2017-12-03 10:02:42,788 DEBUG [AWT-EventQueue-0] stencyl.sw.app.tasks.OpenResourceTask: Total Took 1666ms
2017-12-03 10:02:43,736 DEBUG [AWT-EventQueue-0] stencyl.sw.editors.actor.collision.PreviewPanel: Selected: [X,Y: 0, 0 ]
2017-12-03 10:04:11,944 DEBUG [AWT-EventQueue-0] stencyl.sw.editors.actor.appearance.AnimationPane: Resetting to default bounding box.
2017-12-03 10:04:11,944 DEBUG [AWT-EventQueue-0] stencyl.sw.editors.actor.collision.PreviewPanel: Deselect
2017-12-03 10:04:11,944 DEBUG [AWT-EventQueue-0] stencyl.sw.editors.actor.collision.PreviewPanel: Clear Selection
2017-12-03 10:04:11,949 DEBUG [AWT-EventQueue-0] stencyl.sw.editors.actor.collision.PreviewPanel: Selected: [X,Y: 0, 0 ]
2017-12-03 10:11:30,624 INFO  [AWT-EventQueue-0] stencyl.sw.app.App: Attempting to quit out of Stencyl.
2017-12-03 10:11:32,530 INFO  [pool-1-thread-5] stencyl.sw.io.write.MasterWriter: Saving game in place.
2017-12-03 10:11:32,559 DEBUG [pool-1-thread-5] stencyl.sw.util.FileHelper: Saving backup file C:\sundae_factory\ld40\stencylworks\games\ld40_release2\game.xml.bak.
2017-12-03 10:11:34,748 DEBUG [pool-1-thread-5] stencyl.sw.io.write.MasterWriter: Writing out local resources.
2017-12-03 10:11:34,756 DEBUG [pool-1-thread-5] stencyl.sw.util.FileHelper: Saving backup file C:\sundae_factory\ld40\stencylworks\games\ld40_release2\resources\data.xml.bak.
2017-12-03 10:11:34,765 DEBUG [pool-1-thread-5] stencyl.sw.editors.actor.appearance.AppearancePage: Using size of default animation: 44, 69
2017-12-03 10:11:34,780 DEBUG [pool-1-thread-5] stencyl.sw.editors.scene.Designer: Brush Changed
2017-12-03 10:11:34,788 DEBUG [pool-1-thread-5] stencyl.sw.editors.scene.Designer: Brush Changed
2017-12-03 10:11:34,804 DEBUG [pool-1-thread-5] stencyl.sw.editors.scene.Designer: Brush Changed
2017-12-03 10:11:34,880 DEBUG [pool-1-thread-5] stencyl.core.lib.io.read.SceneReader: Reading header for Scene: 0 (level1) from: scenes\0.xml
2017-12-03 10:11:34,960 DEBUG [pool-1-thread-5] stencyl.sw.io.write.resource.SpriteWriter: Mark actor's sprite as clean (disk).
2017-12-03 10:11:34,965 DEBUG [pool-1-thread-5] stencyl.sw.io.write.resource.TilesetWriter: Mark tileset as clean (disk).
2017-12-03 10:11:34,966 DEBUG [pool-1-thread-5] stencyl.sw.io.write.resource.SpriteWriter: Mark actor's sprite as clean (disk).
2017-12-03 10:11:34,967 DEBUG [pool-1-thread-5] stencyl.sw.io.write.resource.SpriteWriter: Mark actor's sprite as clean (disk).
2017-12-03 10:11:34,967 DEBUG [pool-1-thread-5] stencyl.sw.io.write.resource.SpriteWriter: Mark actor's sprite as clean (disk).
2017-12-03 10:11:34,972 DEBUG [pool-1-thread-5] stencyl.sw.io.write.MasterWriter: Writing out scenes.
2017-12-03 10:11:34,984 DEBUG [pool-1-thread-5] stencyl.sw.editors.scene.SceneRenderer: Saving thumbnail: C:\sundae_factory\ld40\stencylworks\games\ld40_release2\scenes\0.png
2017-12-03 10:11:35,004 DEBUG [pool-1-thread-5] stencyl.sw.io.write.resource.SceneWriter: Writing terrain.
2017-12-03 10:11:35,024 DEBUG [pool-1-thread-5] stencyl.sw.io.write.resource.SceneWriter: Terrain processing took: 0ms
2017-12-03 10:11:35,032 DEBUG [pool-1-thread-5] stencyl.core.lib.io.read.SceneReader: Reading header for Scene: 0 (level1) from: scenes\0.xml
2017-12-03 10:11:35,044 DEBUG [pool-1-thread-5] stencyl.sw.io.write.resource.ScenesWriter: Writing out Scene level1
2017-12-03 10:11:35,044 DEBUG [pool-1-thread-5] stencyl.sw.io.write.MasterWriter: Copying over snippets.
2017-12-03 10:11:35,048 DEBUG [pool-1-thread-5] stencyl.sw.util.FileHelper: Saving backup file C:\sundae_factory\ld40\stencylworks\games\ld40_release2\snippets\list.xml.bak.
2017-12-03 10:11:35,092 DEBUG [pool-1-thread-5] stencyl.sw.app.doc.StencylDoc: Marking as written to disk: bocal
2017-12-03 10:11:35,096 DEBUG [pool-1-thread-5] stencyl.sw.io.write.resource.SnippetsWriter: Copy from opened to disk: ActorEvents_10
2017-12-03 10:11:35,096 DEBUG [pool-1-thread-5] stencyl.sw.util.FileHelper: Trying to delete file that does not exist: C:\sundae_factory\ld40\stencylworks\games\ld40_release2\behavior-hx\ActorEvents_10.hx
2017-12-03 10:11:35,096 DEBUG [pool-1-thread-5] stencyl.sw.io.write.resource.SnippetsWriter: Copied to: C:\sundae_factory\ld40\stencylworks\games\ld40_release2\snippets\ActorEvents_10.design
2017-12-03 10:11:35,096 DEBUG [pool-1-thread-5] stencyl.sw.io.write.resource.SnippetsWriter: Copy from opened to disk: SceneEvents_0
2017-12-03 10:11:35,096 DEBUG [pool-1-thread-5] stencyl.sw.util.FileHelper: Trying to delete file that does not exist: C:\sundae_factory\ld40\stencylworks\games\ld40_release2\behavior-hx\SceneEvents_0.hx
2017-12-03 10:11:35,096 DEBUG [pool-1-thread-5] stencyl.sw.io.write.resource.SnippetsWriter: Copied to: C:\sundae_factory\ld40\stencylworks\games\ld40_release2\snippets\SceneEvents_0.design
2017-12-03 10:11:35,112 DEBUG [pool-1-thread-5] stencyl.sw.io.write.MasterWriter: Saving block favorites.
2017-12-03 10:11:35,112 INFO  [pool-1-thread-5] stencyl.sw.io.write.MasterWriter: Done writing game.
2017-12-03 10:11:35,158 DEBUG [AWT-EventQueue-0] stencyl.sw.util.Util: Running command: [taskkill, /im, neko.exe, /f]
2017-12-03 10:11:35,581 OFF   [Thread-8] stencyl.sw.util.StreamGobbler: [taskkill] Erreurÿ: le processus "neko.exe" est introuvable.
2017-12-03 10:11:35,589 DEBUG [AWT-EventQueue-0] stencyl.sw.util.Util: Process 'taskkill' exited with code: 128
2017-12-03 10:11:35,589 DEBUG [AWT-EventQueue-0] stencyl.sw.util.Util: Running command: [taskkill, /im, adb.exe, /f]
2017-12-03 10:11:35,729 OFF   [Thread-9] stencyl.sw.util.StreamGobbler: [taskkill] Erreurÿ: le processus "adb.exe" est introuvable.
2017-12-03 10:11:35,737 DEBUG [AWT-EventQueue-0] stencyl.sw.util.Util: Process 'taskkill' exited with code: 128
2017-12-03 10:11:35,737 DEBUG [AWT-EventQueue-0] stencyl.sw.util.Util: Running command: [taskkill, /im, arm-linux-androideabi-g++.exe, /f]
2017-12-03 10:11:35,877 OFF   [Thread-10] stencyl.sw.util.StreamGobbler: [taskkill] Erreurÿ: le processus "arm-linux-androideabi-g++.exe" est introuvable.
2017-12-03 10:11:35,885 DEBUG [AWT-EventQueue-0] stencyl.sw.util.Util: Process 'taskkill' exited with code: 128
2017-12-03 10:11:35,885 DEBUG [AWT-EventQueue-0] stencyl.sw.util.Util: Running command: [taskkill, /im, cc1plus.exe, /f]
2017-12-03 10:11:36,021 OFF   [Thread-11] stencyl.sw.util.StreamGobbler: [taskkill] Erreurÿ: le processus "cc1plus.exe" est introuvable.
2017-12-03 10:11:36,029 DEBUG [AWT-EventQueue-0] stencyl.sw.util.Util: Process 'taskkill' exited with code: 128
2017-12-03 10:11:36,029 DEBUG [AWT-EventQueue-0] stencyl.sw.util.Util: Running command: [taskkill, /im, tail.exe, /f]
2017-12-03 10:11:36,173 OFF   [Thread-12] stencyl.sw.util.StreamGobbler: [taskkill] Erreurÿ: le processus "tail.exe" est introuvable.
2017-12-03 10:11:36,181 DEBUG [AWT-EventQueue-0] stencyl.sw.util.Util: Process 'taskkill' exited with code: 128
2017-12-03 10:11:36,181 DEBUG [AWT-EventQueue-0] stencyl.sw.util.Util: Running command: [taskkill, /im, ios-sim.exe, /f]
2017-12-03 10:11:36,265 OFF   [Thread-13] stencyl.sw.util.StreamGobbler: [taskkill] Erreurÿ: le processus "ios-sim.exe" est introuvable.
2017-12-03 10:11:36,269 DEBUG [AWT-EventQueue-0] stencyl.sw.util.Util: Process 'taskkill' exited with code: 128
2017-12-03 10:11:36,269 DEBUG [AWT-EventQueue-0] stencyl.sw.app.App: Destroying extensions.
2017-12-03 10:11:36,269 DEBUG [AWT-EventQueue-0] stencyl.sw.app.App: Performing final close.
2017-12-03 10:11:36,272 INFO  [AWT-EventQueue-0] stencyl.sw.app.App: Exiting...
2017-12-03 10:11:36,273 DEBUG [AWT-EventQueue-0] stencyl.sw.app.App: Destroying Temporary Sandbox.
2017-12-03 10:11:36,273 DEBUG [AWT-EventQueue-0] stencyl.sw.util.FileHelper: Deleting: C:\Users\Ludovic\AppData\Local\Temp\stencyl8803392977050432364
